#
# There is insufficient memory for the Java Runtime Environment to continue.
# Native memory allocation (malloc) failed to allocate 721408 bytes for Chunk::new
# Possible reasons:
#   The system is out of physical RAM or swap space
#   The process is running with CompressedOops enabled, and the Java Heap may be blocking the growth of the native heap
# Possible solutions:
#   Reduce memory load on the system
#   Increase physical memory or swap space
#   Check if swap backing store is full
#   Decrease Java heap size (-Xmx/-Xms)
#   Decrease number of Java threads
#   Decrease Java thread stack sizes (-Xss)
#   Set larger code cache with -XX:ReservedCodeCacheSize=
#   JVM is running with Unscaled Compressed Oops mode in which the Java heap is
#     placed in the first 4GB address space. The Java Heap base address is the
#     maximum limit for the native heap growth. Please use -XX:HeapBaseMinAddress
#     to set the Java Heap base and to place the Java Heap above 4GB virtual address.
# This output file may be truncated or incomplete.
#
#  Out of Memory Error (t:/workspace/open/src/hotspot/share/memory/arena.cpp:196), pid=24644, tid=23912
#
# JRE version: OpenJDK Runtime Environment (13.0+33) (build 13+33)
# Java VM: OpenJDK 64-Bit Server VM (13+33, mixed mode, sharing, tiered, compressed oops, parallel gc, windows-amd64)
# No core dump will be written. Minidumps are not enabled by default on client versions of Windows
#

---------------  S U M M A R Y ------------

Command Line: --add-modules=ALL-SYSTEM --add-opens=java.base/java.util=ALL-UNNAMED --add-opens=java.base/java.lang=ALL-UNNAMED -Declipse.application=org.eclipse.jdt.ls.core.id1 -Dosgi.bundles.defaultStartLevel=4 -Declipse.product=org.eclipse.jdt.ls.core.product -Dfile.encoding=utf8 -DwatchParentProcess=false -XX:+UseParallelGC -XX:GCTimeRatio=4 -XX:AdaptiveSizePolicyWeight=90 -Dsun.zip.disableMemoryMapping=true -Xmx1G -Xms100m -javaagent:c:\Users\multicampus\.vscode\extensions\gabrielbb.vscode-lombok-1.0.1\server\lombok.jar c:\Users\multicampus\.vscode\extensions\redhat.java-0.73.0\server\plugins\org.eclipse.equinox.launcher_1.6.0.v20200915-1508.jar -configuration c:\Users\multicampus\AppData\Roaming\Code\User\globalStorage\redhat.java\0.73.0\config_win -data c:\Users\multicampus\AppData\Roaming\Code\User\workspaceStorage\5a7c260612917764e6a434974ee5df3b\redhat.java\jdt_ws

Host: Intel(R) Core(TM) i7-8750H CPU @ 2.20GHz, 12 cores, 15G,  Windows 10 , 64 bit Build 18362 (10.0.18362.1316)
Time: Fri Jan 15 11:09:04 2021 ¢¥eCN©öI¡¾©ö C¡ÍA¨ª¨öA elapsed time: 1 seconds (0d 0h 0m 1s)

---------------  T H R E A D  ---------------

Current thread (0x000001657d1fc800):  JavaThread "C2 CompilerThread0" daemon [_thread_in_native, id=23912, stack(0x0000002000e00000,0x0000002000f00000)]


Current CompileTask:
C2:   1612  678   !   4       java.util.jar.Attributes::read (530 bytes)

Stack: [0x0000002000e00000,0x0000002000f00000]
Native frames: (J=compiled Java code, j=interpreted, Vv=VM code, C=native code)
V  [jvm.dll+0x626eaa]
V  [jvm.dll+0x772c4a]
V  [jvm.dll+0x7743ff]
V  [jvm.dll+0x774a03]
V  [jvm.dll+0x24da38]
V  [jvm.dll+0xc3ae7]
V  [jvm.dll+0xc406c]
V  [jvm.dll+0x35de55]
V  [jvm.dll+0x329573]
V  [jvm.dll+0x32894a]
V  [jvm.dll+0x2078c7]
V  [jvm.dll+0x206adf]
V  [jvm.dll+0x18b94c]
V  [jvm.dll+0x2159bd]
V  [jvm.dll+0x213e6b]
V  [jvm.dll+0x738af6]
V  [jvm.dll+0x731bea]
V  [jvm.dll+0x6260a6]
C  [ucrtbase.dll+0x210b2]
C  [KERNEL32.DLL+0x17c24]
C  [ntdll.dll+0x6d4d1]


---------------  P R O C E S S  ---------------

Threads class SMR info:
_java_thread_list=0x000001657d46b290, length=11, elements={
0x0000016561f6d000, 0x0000016562027000, 0x000001656202a800, 0x000001657d1f8800,
0x000001657d1fb800, 0x000001657d1fc800, 0x000001657d1ff800, 0x000001657d200800,
0x000001657d307000, 0x000001657d3d4000, 0x000001657d4d3800
}

Java Threads: ( => current thread )
  0x0000016561f6d000 JavaThread "main" [_thread_in_vm, id=10860, stack(0x0000002000700000,0x0000002000800000)]
  0x0000016562027000 JavaThread "Reference Handler" daemon [_thread_blocked, id=24860, stack(0x0000002000a00000,0x0000002000b00000)]
  0x000001656202a800 JavaThread "Finalizer" daemon [_thread_blocked, id=14152, stack(0x0000002000b00000,0x0000002000c00000)]
  0x000001657d1f8800 JavaThread "Signal Dispatcher" daemon [_thread_blocked, id=20164, stack(0x0000002000c00000,0x0000002000d00000)]
  0x000001657d1fb800 JavaThread "Attach Listener" daemon [_thread_blocked, id=25584, stack(0x0000002000d00000,0x0000002000e00000)]
=>0x000001657d1fc800 JavaThread "C2 CompilerThread0" daemon [_thread_in_native, id=23912, stack(0x0000002000e00000,0x0000002000f00000)]
  0x000001657d1ff800 JavaThread "C1 CompilerThread0" daemon [_thread_blocked, id=7504, stack(0x0000002000f00000,0x0000002001000000)]
  0x000001657d200800 JavaThread "Sweeper thread" daemon [_thread_blocked, id=23876, stack(0x0000002001000000,0x0000002001100000)]
  0x000001657d307000 JavaThread "Common-Cleaner" daemon [_thread_blocked, id=24852, stack(0x0000002001100000,0x0000002001200000)]
  0x000001657d3d4000 JavaThread "C2 CompilerThread1" daemon [_thread_blocked, id=6048, stack(0x0000002001200000,0x0000002001300000)]
  0x000001657d4d3800 JavaThread "Service Thread" daemon [_thread_blocked, id=19488, stack(0x0000002001300000,0x0000002001400000)]

Other Threads:
  0x000001657c040800 VMThread "VM Thread" [stack: 0x0000002000900000,0x0000002000a00000] [id=20432]
  0x000001657d4cb000 WatcherThread [stack: 0x0000002001400000,0x0000002001500000] [id=23164]
  0x0000016561f86800 GCTaskThread "ParGC Thread#0" [stack: 0x0000002000800000,0x0000002000900000] [id=11048]

Threads with active compile tasks:
C2 CompilerThread0     1647  678   !   4       java.util.jar.Attributes::read (530 bytes)

VM state:not at safepoint (normal execution)

VM Mutex/Monitor currently owned by a thread: None

Heap address: 0x00000000c0000000, size: 1024 MB, Compressed Oops mode: 32-bit
Narrow klass base: 0x0000000800000000, Narrow klass shift: 3
Compressed class space size: 1073741824 Address: 0x0000000800b40000

Heap:
 PSYoungGen      total 29696K, used 19229K [0x00000000eab00000, 0x00000000ecc00000, 0x0000000100000000)
  eden space 25600K, 75% used [0x00000000eab00000,0x00000000ebdc75f8,0x00000000ec400000)
  from space 4096K, 0% used [0x00000000ec800000,0x00000000ec800000,0x00000000ecc00000)
  to   space 4096K, 0% used [0x00000000ec400000,0x00000000ec400000,0x00000000ec800000)
 ParOldGen       total 68608K, used 0K [0x00000000c0000000, 0x00000000c4300000, 0x00000000eab00000)
  object space 68608K, 0% used [0x00000000c0000000,0x00000000c0000000,0x00000000c4300000)
 Metaspace       used 3553K, capacity 5190K, committed 5376K, reserved 1056768K
  class space    used 349K, capacity 503K, committed 512K, reserved 1048576K

Card table byte_map: [0x0000016561a00000,0x0000016561c10000] _byte_map_base: 0x0000016561400000

Marking Bits: (ParMarkBitMap*) 0x00007ffb6a1cbb10
 Begin Bits: [0x0000016579460000, 0x000001657a460000)
 End Bits:   [0x000001657a460000, 0x000001657b460000)

Polling page: 0x000001655fd00000

Metaspace:

Usage:
  Non-class:      4.58 MB capacity,     3.13 MB ( 68%) used,     1.44 MB ( 31%) free+waste,     4.38 KB ( <1%) overhead. 
      Class:    503.00 KB capacity,   350.16 KB ( 70%) used,   149.97 KB ( 30%) free+waste,     2.88 KB ( <1%) overhead. 
       Both:      5.07 MB capacity,     3.47 MB ( 69%) used,     1.59 MB ( 31%) free+waste,     7.25 KB ( <1%) overhead. 

Virtual space:
  Non-class space:        8.00 MB reserved,       4.75 MB ( 59%) committed 
      Class space:        1.00 GB reserved,     512.00 KB ( <1%) committed 
             Both:        1.01 GB reserved,       5.25 MB ( <1%) committed 

Chunk freelists:
   Non-Class:  49.00 KB
       Class:  9.00 KB
        Both:  58.00 KB

MaxMetaspaceSize: 17179869184.00 GB
CompressedClassSpaceSize: 1.00 GB

CodeHeap 'non-profiled nmethods': size=120000Kb used=285Kb max_used=285Kb free=119715Kb
 bounds [0x0000016571f30000, 0x00000165721a0000, 0x0000016579460000]
CodeHeap 'profiled nmethods': size=120000Kb used=1206Kb max_used=1206Kb free=118793Kb
 bounds [0x000001656aa00000, 0x000001656ac70000, 0x0000016571f30000]
CodeHeap 'non-nmethods': size=5760Kb used=1127Kb max_used=1142Kb free=4632Kb
 bounds [0x000001656a460000, 0x000001656a6d0000, 0x000001656aa00000]
 total_blobs=1600 nmethods=725 adapters=282
 compilation: enabled
              stopped_count=0, restarted_count=0
 full_count=0

Compilation events (20 events):
Event: 1.578 Thread 0x000001657d3d4000 nmethod 692 0x0000016571f75290 code [0x0000016571f75420, 0x0000016571f75558]
Event: 1.578 Thread 0x000001657d3d4000  681       4       java.lang.ThreadLocal$ThreadLocalMap::getEntry (42 bytes)
Event: 1.580 Thread 0x000001657d3d4000 nmethod 681 0x0000016571f75710 code [0x0000016571f758a0, 0x0000016571f759c8]
Event: 1.580 Thread 0x000001657d1ff800 nmethod 703 0x000001656ab1fb90 code [0x000001656ab201e0, 0x000001656ab239f0]
Event: 1.581 Thread 0x000001657d1ff800  704       3       jdk.internal.reflect.ClassFileAssembler::emitByte (11 bytes)
Event: 1.581 Thread 0x000001657d1ff800 nmethod 704 0x000001656ab25390 code [0x000001656ab25540, 0x000001656ab25750]
Event: 1.581 Thread 0x000001657d1ff800  705       3       jdk.internal.reflect.ByteVectorImpl::add (38 bytes)
Event: 1.582 Thread 0x000001657d1ff800 nmethod 705 0x000001656ab25810 code [0x000001656ab259c0, 0x000001656ab25c10]
Event: 1.586 Thread 0x000001657d1ff800  706       1       java.security.Provider$Service::getProvider (5 bytes)
Event: 1.586 Thread 0x000001657d1ff800 nmethod 706 0x0000016571f75b10 code [0x0000016571f75ca0, 0x0000016571f75dd8]
Event: 1.587 Thread 0x000001657d1ff800  707       3       jdk.internal.ref.CleanerImpl::getCleanerImpl (13 bytes)
Event: 1.587 Thread 0x000001657d1ff800 nmethod 707 0x000001656ab25d10 code [0x000001656ab25ec0, 0x000001656ab261f0]
Event: 1.587 Thread 0x000001657d1ff800  708       3       java.lang.ref.Cleaner$1::apply (9 bytes)
Event: 1.587 Thread 0x000001657d1ff800 nmethod 708 0x000001656ab26310 code [0x000001656ab264c0, 0x000001656ab267b8]
Event: 1.587 Thread 0x000001657d1ff800  709       3       jdk.internal.reflect.ReflectionFactory::langReflectAccess (15 bytes)
Event: 1.588 Thread 0x000001657d1ff800 nmethod 709 0x000001656ab26890 code [0x000001656ab26a40, 0x000001656ab26c58]
Event: 1.594 Thread 0x000001657d3d4000  710       4       java.lang.StringLatin1::lastIndexOf (40 bytes)
Event: 1.598 Thread 0x000001657d3d4000 nmethod 710 0x0000016571f75e90 code [0x0000016571f76020, 0x0000016571f761b8]
Event: 1.603 Thread 0x000001657d3d4000  711       4       sun.security.provider.ByteArrayAccess::b2iBig64 (614 bytes)
Event: 1.607 Thread 0x000001657d3d4000 nmethod 711 0x0000016571f76290 code [0x0000016571f76420, 0x0000016571f76658]

GC Heap History (0 events):
No events

Deoptimization events (20 events):
Event: 1.561 Thread 0x0000016561f6d000 DEOPT PACKING pc=0x000001656aadafc8 sp=0x00000020007fe550
Event: 1.561 Thread 0x0000016561f6d000 DEOPT UNPACKING pc=0x000001656a4a964e sp=0x00000020007fda08 mode 0
Event: 1.561 Thread 0x0000016561f6d000 DEOPT PACKING pc=0x000001656aadafc8 sp=0x00000020007fe550
Event: 1.561 Thread 0x0000016561f6d000 DEOPT UNPACKING pc=0x000001656a4a964e sp=0x00000020007fda08 mode 0
Event: 1.562 Thread 0x0000016561f6d000 DEOPT PACKING pc=0x000001656aadafc8 sp=0x00000020007fe550
Event: 1.562 Thread 0x0000016561f6d000 DEOPT UNPACKING pc=0x000001656a4a964e sp=0x00000020007fda08 mode 0
Event: 1.562 Thread 0x0000016561f6d000 DEOPT PACKING pc=0x000001656aadb1fd sp=0x00000020007fe550
Event: 1.562 Thread 0x0000016561f6d000 DEOPT UNPACKING pc=0x000001656a4a964e sp=0x00000020007fda08 mode 0
Event: 1.562 Thread 0x0000016561f6d000 DEOPT PACKING pc=0x000001656aadb1fd sp=0x00000020007fe550
Event: 1.562 Thread 0x0000016561f6d000 DEOPT UNPACKING pc=0x000001656a4a964e sp=0x00000020007fda08 mode 0
Event: 1.563 Thread 0x0000016561f6d000 DEOPT PACKING pc=0x000001656aadb1fd sp=0x00000020007fe550
Event: 1.563 Thread 0x0000016561f6d000 DEOPT UNPACKING pc=0x000001656a4a964e sp=0x00000020007fda08 mode 0
Event: 1.564 Thread 0x0000016561f6d000 DEOPT PACKING pc=0x000001656aadb1fd sp=0x00000020007fe550
Event: 1.564 Thread 0x0000016561f6d000 DEOPT UNPACKING pc=0x000001656a4a964e sp=0x00000020007fda08 mode 0
Event: 1.564 Thread 0x0000016561f6d000 DEOPT PACKING pc=0x000001656aadafc8 sp=0x00000020007fe550
Event: 1.564 Thread 0x0000016561f6d000 DEOPT UNPACKING pc=0x000001656a4a964e sp=0x00000020007fda08 mode 0
Event: 1.570 Thread 0x0000016561f6d000 DEOPT PACKING pc=0x000001656aadafc8 sp=0x00000020007fe890
Event: 1.570 Thread 0x0000016561f6d000 DEOPT UNPACKING pc=0x000001656a4a964e sp=0x00000020007fdd48 mode 0
Event: 1.571 Thread 0x0000016561f6d000 DEOPT PACKING pc=0x000001656aadafc8 sp=0x00000020007fe890
Event: 1.571 Thread 0x0000016561f6d000 DEOPT UNPACKING pc=0x000001656a4a964e sp=0x00000020007fdd48 mode 0

Classes unloaded (0 events):
No events

Classes redefined (0 events):
No events

Internal exceptions (8 events):
Event: 0.664 Thread 0x0000016561f6d000 Exception <a 'java/lang/reflect/InvocationTargetException'{0x00000000eaf749c8}> (0x00000000eaf749c8) 
thrown [t:/workspace/open/src/hotspot/share/runtime/reflection.cpp, line 1188]
Event: 0.697 Thread 0x0000016561f6d000 Exception <a 'java/lang/NoSuchMethodError'{0x00000000eb0078d0}: 'int java.lang.invoke.DirectMethodHandle$Holder.invokeSpecialIFC(java.lang.Object, java.lang.Object, int)'> (0x00000000eb0078d0) 
thrown [t:/workspace/open/src/hotspot/share/interpreter/linkResolver.cpp, line 767]
Event: 1.359 Thread 0x0000016561f6d000 Exception <a 'java/lang/ClassNotFoundException'{0x00000000eb8246c8}: sun/net/www/protocol/c/Handler> (0x00000000eb8246c8) 
thrown [t:/workspace/open/src/hotspot/share/classfile/systemDictionary.cpp, line 232]
Event: 1.366 Thread 0x0000016561f6d000 Exception <a 'java/io/FileNotFoundException'{0x00000000eb843920}> (0x00000000eb843920) 
thrown [t:/workspace/open/src/hotspot/share/prims/jni.cpp, line 598]
Event: 1.367 Thread 0x0000016561f6d000 Exception <a 'java/io/FileNotFoundException'{0x00000000eb8448f0}> (0x00000000eb8448f0) 
thrown [t:/workspace/open/src/hotspot/share/prims/jni.cpp, line 598]
Event: 1.368 Thread 0x0000016561f6d000 Exception <a 'java/io/FileNotFoundException'{0x00000000eb8458b8}> (0x00000000eb8458b8) 
thrown [t:/workspace/open/src/hotspot/share/prims/jni.cpp, line 598]
Event: 1.369 Thread 0x0000016561f6d000 Exception <a 'java/io/FileNotFoundException'{0x00000000eb8468b8}> (0x00000000eb8468b8) 
thrown [t:/workspace/open/src/hotspot/share/prims/jni.cpp, line 598]
Event: 1.397 Thread 0x0000016561f6d000 Exception <a 'java/io/FileNotFoundException'{0x00000000eb88edf8}> (0x00000000eb88edf8) 
thrown [t:/workspace/open/src/hotspot/share/prims/jni.cpp, line 598]

Events (20 events):
Event: 1.588 loading class java/lang/InterruptedException
Event: 1.588 loading class java/lang/InterruptedException done
Event: 1.588 loading class org/osgi/framework/launch/Framework
Event: 1.588 loading class org/osgi/framework/launch/Framework done
Event: 1.589 loading class org/osgi/framework/Bundle
Event: 1.589 loading class org/osgi/framework/Bundle done
Event: 1.594 loading class org/osgi/framework/BundleContext
Event: 1.594 loading class org/osgi/framework/BundleContext done
Event: 1.600 loading class org/osgi/framework/BundleReference
Event: 1.600 loading class org/osgi/framework/BundleReference done
Event: 1.601 loading class java/util/concurrent/Semaphore
Event: 1.601 loading class java/util/concurrent/Semaphore done
Event: 1.601 loading class org/eclipse/core/runtime/adaptor/EclipseStarter$StartupEventListener
Event: 1.601 loading class org/eclipse/core/runtime/adaptor/EclipseStarter$StartupEventListener done
Event: 1.602 loading class org/osgi/framework/SynchronousBundleListener
Event: 1.602 loading class org/osgi/framework/SynchronousBundleListener done
Event: 1.608 loading class org/osgi/framework/FrameworkListener
Event: 1.608 loading class org/osgi/framework/FrameworkListener done
Event: 1.609 loading class org/eclipse/core/runtime/adaptor/EclipseStarter$InitialBundle
Event: 1.609 loading class org/eclipse/core/runtime/adaptor/EclipseStarter$InitialBundle done


Dynamic libraries:
0x00007ff64a0c0000 - 0x00007ff64a0cd000 	C:\jdk\openjdk-13_windows-x64_bin\jdk-13\bin\java.exe
0x00007ffba9be0000 - 0x00007ffba9dd0000 	C:\WINDOWS\SYSTEM32\ntdll.dll
0x00007ffba96a0000 - 0x00007ffba9752000 	C:\WINDOWS\System32\KERNEL32.DLL
0x00007ffba71a0000 - 0x00007ffba7445000 	C:\WINDOWS\System32\KERNELBASE.dll
0x00007ffba7000000 - 0x00007ffba70fa000 	C:\WINDOWS\System32\ucrtbase.dll
0x00007ffb9cd00000 - 0x00007ffb9cd18000 	C:\jdk\openjdk-13_windows-x64_bin\jdk-13\bin\jli.dll
0x00007ffba9500000 - 0x00007ffba9694000 	C:\WINDOWS\System32\USER32.dll
0x00007ffba7450000 - 0x00007ffba7471000 	C:\WINDOWS\System32\win32u.dll
0x00007ffba8100000 - 0x00007ffba8126000 	C:\WINDOWS\System32\GDI32.dll
0x00007ffba6b60000 - 0x00007ffba6cf8000 	C:\WINDOWS\System32\gdi32full.dll
0x00007ffba7100000 - 0x00007ffba719e000 	C:\WINDOWS\System32\msvcp_win.dll
0x00007ffb99b30000 - 0x00007ffb99b45000 	C:\jdk\openjdk-13_windows-x64_bin\jdk-13\bin\VCRUNTIME140.dll
0x00007ffb9c5c0000 - 0x00007ffb9c844000 	C:\WINDOWS\WinSxS\amd64_microsoft.windows.common-controls_6595b64144ccf1df_6.0.18362.1316_none_9e7a364fe461dbd7\COMCTL32.dll
0x00007ffba8820000 - 0x00007ffba88be000 	C:\WINDOWS\System32\msvcrt.dll
0x00007ffba7dc0000 - 0x00007ffba80f7000 	C:\WINDOWS\System32\combase.dll
0x00007ffba9a80000 - 0x00007ffba9b9f000 	C:\WINDOWS\System32\RPCRT4.dll
0x00007ffba6d00000 - 0x00007ffba6d81000 	C:\WINDOWS\System32\bcryptPrimitives.dll
0x00007ffba8d50000 - 0x00007ffba8d7e000 	C:\WINDOWS\System32\IMM32.DLL
0x00007ffb83f70000 - 0x00007ffb8400b000 	C:\jdk\openjdk-13_windows-x64_bin\jdk-13\bin\msvcp140.dll
0x00007ffb69730000 - 0x00007ffb6a296000 	C:\jdk\openjdk-13_windows-x64_bin\jdk-13\bin\server\jvm.dll
0x00007ffba8d80000 - 0x00007ffba8e23000 	C:\WINDOWS\System32\ADVAPI32.dll
0x00007ffba8cb0000 - 0x00007ffba8d47000 	C:\WINDOWS\System32\sechost.dll
0x00007ffba8f70000 - 0x00007ffba8f78000 	C:\WINDOWS\System32\PSAPI.DLL
0x00007ffb92530000 - 0x00007ffb92539000 	C:\WINDOWS\SYSTEM32\WSOCK32.dll
0x00007ffba8e30000 - 0x00007ffba8e9f000 	C:\WINDOWS\System32\WS2_32.dll
0x00007ffba1d10000 - 0x00007ffba1d34000 	C:\WINDOWS\SYSTEM32\WINMM.dll
0x00007ffba1010000 - 0x00007ffba101a000 	C:\WINDOWS\SYSTEM32\VERSION.dll
0x00007ffba1cd0000 - 0x00007ffba1cfd000 	C:\WINDOWS\SYSTEM32\WINMMBASE.dll
0x00007ffba6ee0000 - 0x00007ffba6f2a000 	C:\WINDOWS\System32\cfgmgr32.dll
0x00007ffba6b20000 - 0x00007ffba6b31000 	C:\WINDOWS\System32\kernel.appcore.dll
0x00007ffb9abe0000 - 0x00007ffb9abf0000 	C:\jdk\openjdk-13_windows-x64_bin\jdk-13\bin\verify.dll
0x00007ffba5360000 - 0x00007ffba5554000 	C:\WINDOWS\SYSTEM32\DBGHELP.DLL
0x00007ffb9df10000 - 0x00007ffb9df3a000 	C:\WINDOWS\SYSTEM32\dbgcore.DLL
0x00007ffb88a80000 - 0x00007ffb88aa6000 	C:\jdk\openjdk-13_windows-x64_bin\jdk-13\bin\java.dll
0x00007ffb996b0000 - 0x00007ffb996be000 	C:\jdk\openjdk-13_windows-x64_bin\jdk-13\bin\instrument.dll
0x00007ffb99690000 - 0x00007ffb996a7000 	C:\jdk\openjdk-13_windows-x64_bin\jdk-13\bin\zip.dll
0x00007ffb99380000 - 0x00007ffb9938a000 	C:\jdk\openjdk-13_windows-x64_bin\jdk-13\bin\jimage.dll
0x00007ffba8130000 - 0x00007ffba8818000 	C:\WINDOWS\System32\SHELL32.dll
0x00007ffba8b80000 - 0x00007ffba8c27000 	C:\WINDOWS\System32\shcore.dll
0x00007ffba7510000 - 0x00007ffba7c8b000 	C:\WINDOWS\System32\windows.storage.dll
0x00007ffba6aa0000 - 0x00007ffba6ac3000 	C:\WINDOWS\System32\profapi.dll
0x00007ffba6ad0000 - 0x00007ffba6b1a000 	C:\WINDOWS\System32\powrprof.dll
0x00007ffba6a90000 - 0x00007ffba6aa0000 	C:\WINDOWS\System32\UMPDC.dll
0x00007ffba93f0000 - 0x00007ffba9442000 	C:\WINDOWS\System32\shlwapi.dll
0x00007ffba6fe0000 - 0x00007ffba6ff7000 	C:\WINDOWS\System32\cryptsp.dll
0x00007ffb88850000 - 0x00007ffb88869000 	C:\jdk\openjdk-13_windows-x64_bin\jdk-13\bin\net.dll
0x00007ffb9d050000 - 0x00007ffb9d140000 	C:\WINDOWS\SYSTEM32\WINHTTP.dll
0x00007ffb9a950000 - 0x00007ffb9ab26000 	C:\WINDOWS\SYSTEM32\urlmon.dll
0x00007ffb91700000 - 0x00007ffb919a7000 	C:\WINDOWS\SYSTEM32\iertutil.dll
0x00007ffba6400000 - 0x00007ffba640c000 	C:\WINDOWS\SYSTEM32\CRYPTBASE.DLL
0x00007ffba6280000 - 0x00007ffba62e7000 	C:\WINDOWS\system32\mswsock.dll
0x00007ffb99360000 - 0x00007ffb99373000 	C:\jdk\openjdk-13_windows-x64_bin\jdk-13\bin\nio.dll

dbghelp: loaded successfully - version: 4.0.5 - missing functions: none
symbol engine: initialized successfully - sym options: 0x614 - pdb path: .;C:\jdk\openjdk-13_windows-x64_bin\jdk-13\bin;C:\WINDOWS\SYSTEM32;C:\WINDOWS\WinSxS\amd64_microsoft.windows.common-controls_6595b64144ccf1df_6.0.18362.1316_none_9e7a364fe461dbd7;C:\jdk\openjdk-13_windows-x64_bin\jdk-13\bin\server

VM Arguments:
jvm_args: --add-modules=ALL-SYSTEM --add-opens=java.base/java.util=ALL-UNNAMED --add-opens=java.base/java.lang=ALL-UNNAMED -Declipse.application=org.eclipse.jdt.ls.core.id1 -Dosgi.bundles.defaultStartLevel=4 -Declipse.product=org.eclipse.jdt.ls.core.product -Dfile.encoding=utf8 -DwatchParentProcess=false -XX:+UseParallelGC -XX:GCTimeRatio=4 -XX:AdaptiveSizePolicyWeight=90 -Dsun.zip.disableMemoryMapping=true -Xmx1G -Xms100m -javaagent:c:\Users\multicampus\.vscode\extensions\gabrielbb.vscode-lombok-1.0.1\server\lombok.jar 
java_command: c:\Users\multicampus\.vscode\extensions\redhat.java-0.73.0\server\plugins\org.eclipse.equinox.launcher_1.6.0.v20200915-1508.jar -configuration c:\Users\multicampus\AppData\Roaming\Code\User\globalStorage\redhat.java\0.73.0\config_win -data c:\Users\multicampus\AppData\Roaming\Code\User\workspaceStorage\5a7c260612917764e6a434974ee5df3b\redhat.java\jdt_ws
java_class_path (initial): c:\Users\multicampus\.vscode\extensions\redhat.java-0.73.0\server\plugins\org.eclipse.equinox.launcher_1.6.0.v20200915-1508.jar
Launcher Type: SUN_STANDARD

[Global flags]
    uintx AdaptiveSizePolicyWeight                 = 90                                        {product} {command line}
     intx CICompilerCount                          = 4                                         {product} {ergonomic}
    uintx GCTimeRatio                              = 4                                         {product} {command line}
   size_t InitialHeapSize                          = 104857600                                 {product} {command line}
   size_t MaxHeapSize                              = 1073741824                                {product} {command line}
   size_t MaxNewSize                               = 357564416                                 {product} {ergonomic}
   size_t MinHeapDeltaBytes                        = 524288                                    {product} {ergonomic}
   size_t MinHeapSize                              = 104857600                                 {product} {command line}
   size_t NewSize                                  = 34603008                                  {product} {ergonomic}
    uintx NonNMethodCodeHeapSize                   = 5836300                                {pd product} {ergonomic}
    uintx NonProfiledCodeHeapSize                  = 122910970                              {pd product} {ergonomic}
   size_t OldSize                                  = 70254592                                  {product} {ergonomic}
    uintx ProfiledCodeHeapSize                     = 122910970                              {pd product} {ergonomic}
    uintx ReservedCodeCacheSize                    = 251658240                              {pd product} {ergonomic}
     bool SegmentedCodeCache                       = true                                      {product} {ergonomic}
   size_t SoftMaxHeapSize                          = 1073741824                             {manageable} {ergonomic}
     bool UseCompressedClassPointers               = true                                 {lp64_product} {ergonomic}
     bool UseCompressedOops                        = true                                 {lp64_product} {ergonomic}
     bool UseLargePagesIndividualAllocation        = false                                  {pd product} {ergonomic}
     bool UseParallelGC                            = true                                      {product} {command line}

Logging:
Log output configuration:
 #0: stdout all=warning uptime,level,tags
 #1: stderr all=off uptime,level,tags

Environment Variables:
JAVA_HOME=C:\jdk\openjdk-13_windows-x64_bin\jdk-13
PATH=C:\Program Files\Python35\Scripts\;C:\Program Files\Python35\;C:\Program Files (x86)\Intel\Intel(R) Management Engine Components\iCLS\;C:\Program Files\Intel\Intel(R) Management Engine Components\iCLS\;C:\Windows\system32;C:\Windows;C:\Windows\System32\Wbem;C:\Windows\System32\WindowsPowerShell\v1.0\;C:\Windows\System32\OpenSSH\;C:\Program Files (x86)\NVIDIA Corporation\PhysX\Common;C:\Program Files\Intel\WiFi\bin\;C:\Program Files\Common Files\Intel\WirelessCommon\;C:\Program Files (x86)\Intel\Intel(R) Management Engine Components\DAL;C:\Program Files\Intel\Intel(R) Management Engine Components\DAL;C:\Program Files (x86)\Intel\Intel(R) Management Engine Components\IPT;C:\Program Files\Intel\Intel(R) Management Engine Components\IPT;C:\Program Files\Zulu\zulu-8\bin\;C:\Program Files\Microsoft SQL Server\130\Tools\Binn\;C:\WINDOWS\system32;C:\WINDOWS;C:\WINDOWS\System32\Wbem;C:\WINDOWS\System32\WindowsPowerShell\v1.0\;C:\WINDOWS\System32\OpenSSH\;C:\Program Files\nodejs\;C:\Program Files\Git\cmd;C:\Program Files (x86)\Yarn\bin\;C:\maven\apache-maven-3.6.3\bin;;C:\Program Files\Docker\Docker\resources\bin;C:\ProgramData\DockerDesktop\version-bin;C:\Program Files\MySQL\MySQL Shell 8.0\bin\;C:\Users\multicampus\AppData\Local\Microsoft\WindowsApps;C:\Users\multicampus\AppData\Local\Programs\Microsoft VS Code\bin;C:\Users\multicampus\AppData\Roaming\npm;C:\Users\multicampus\AppData\Local\Yarn\bin;
USERNAME=multicampus
OS=Windows_NT
PROCESSOR_IDENTIFIER=Intel64 Family 6 Model 158 Stepping 10, GenuineIntel



---------------  S Y S T E M  ---------------

OS: Windows 10 , 64 bit Build 18362 (10.0.18362.1316)
HyperV virtualization detected

CPU:total 12 (initial active 12) (6 cores per cpu, 2 threads per core) family 6 model 158 stepping 10, cmov, cx8, fxsr, mmx, sse, sse2, sse3, ssse3, sse4.1, sse4.2, popcnt, avx, avx2, aes, clmul, erms, 3dnowpref, lzcnt, ht, tsc, tscinvbit, bmi1, bmi2, adx, fma

Memory: 4k page, system-wide physical 16316M (553M free)
TotalPageFile size 65468M (AvailPageFile size 9M)
current process WorkingSet (physical memory assigned to process): 62M, peak: 62M
current process commit charge ("private bytes"): 210M, peak: 210M

vm_info: OpenJDK 64-Bit Server VM (13+33) for windows-amd64 JRE (13+33), built on Aug  9 2019 11:21:18 by "mach5one" with unknown MS VC++:1916

END.
