#
# There is insufficient memory for the Java Runtime Environment to continue.
# Native memory allocation (malloc) failed to allocate 366928 bytes for Chunk::new
# Possible reasons:
#   The system is out of physical RAM or swap space
#   The process is running with CompressedOops enabled, and the Java Heap may be blocking the growth of the native heap
# Possible solutions:
#   Reduce memory load on the system
#   Increase physical memory or swap space
#   Check if swap backing store is full
#   Decrease Java heap size (-Xmx/-Xms)
#   Decrease number of Java threads
#   Decrease Java thread stack sizes (-Xss)
#   Set larger code cache with -XX:ReservedCodeCacheSize=
#   JVM is running with Unscaled Compressed Oops mode in which the Java heap is
#     placed in the first 4GB address space. The Java Heap base address is the
#     maximum limit for the native heap growth. Please use -XX:HeapBaseMinAddress
#     to set the Java Heap base and to place the Java Heap above 4GB virtual address.
# This output file may be truncated or incomplete.
#
#  Out of Memory Error (t:/workspace/open/src/hotspot/share/memory/arena.cpp:196), pid=15892, tid=17168
#
# JRE version: OpenJDK Runtime Environment (13.0+33) (build 13+33)
# Java VM: OpenJDK 64-Bit Server VM (13+33, mixed mode, sharing, tiered, compressed oops, parallel gc, windows-amd64)
# No core dump will be written. Minidumps are not enabled by default on client versions of Windows
#

---------------  S U M M A R Y ------------

Command Line: --add-modules=ALL-SYSTEM --add-opens=java.base/java.util=ALL-UNNAMED --add-opens=java.base/java.lang=ALL-UNNAMED -Declipse.application=org.eclipse.jdt.ls.core.id1 -Dosgi.bundles.defaultStartLevel=4 -Declipse.product=org.eclipse.jdt.ls.core.product -Dfile.encoding=utf8 -DwatchParentProcess=false -XX:+UseParallelGC -XX:GCTimeRatio=4 -XX:AdaptiveSizePolicyWeight=90 -Dsun.zip.disableMemoryMapping=true -Xmx1G -Xms100m -javaagent:c:\Users\multicampus\.vscode\extensions\gabrielbb.vscode-lombok-1.0.1\server\lombok.jar c:\Users\multicampus\.vscode\extensions\redhat.java-0.73.0\server\plugins\org.eclipse.equinox.launcher_1.6.0.v20200915-1508.jar -configuration c:\Users\multicampus\AppData\Roaming\Code\User\globalStorage\redhat.java\0.73.0\config_ss_win -data c:\Users\multicampus\AppData\Roaming\Code\User\workspaceStorage\5a7c260612917764e6a434974ee5df3b\redhat.java\ss_ws

Host: Intel(R) Core(TM) i7-8750H CPU @ 2.20GHz, 12 cores, 15G,  Windows 10 , 64 bit Build 18362 (10.0.18362.1316)
Time: Fri Jan 15 11:09:04 2021 ¢¥eCN©öI¡¾©ö C¡ÍA¨ª¨öA elapsed time: 10 seconds (0d 0h 0m 10s)

---------------  T H R E A D  ---------------

Current thread (0x000001eaaba48000):  JavaThread "C2 CompilerThread1" daemon [_thread_in_native, id=17168, stack(0x000000e414d00000,0x000000e414e00000)]


Current CompileTask:
C2:  10808 3015       4       jdk.internal.jrtfs.JrtPath::resolve (125 bytes)

Stack: [0x000000e414d00000,0x000000e414e00000]
Native frames: (J=compiled Java code, j=interpreted, Vv=VM code, C=native code)
V  [jvm.dll+0x626eaa]
V  [jvm.dll+0x772c4a]
V  [jvm.dll+0x7743ff]
V  [jvm.dll+0x774a03]
V  [jvm.dll+0x24da38]
V  [jvm.dll+0xc3ae7]
V  [jvm.dll+0xc406c]
V  [jvm.dll+0x35de55]
V  [jvm.dll+0x329573]
V  [jvm.dll+0x32894a]
V  [jvm.dll+0x2078c7]
V  [jvm.dll+0x206adf]
V  [jvm.dll+0x18b94c]
V  [jvm.dll+0x2159bd]
V  [jvm.dll+0x213e6b]
V  [jvm.dll+0x738af6]
V  [jvm.dll+0x731bea]
V  [jvm.dll+0x6260a6]
C  [ucrtbase.dll+0x210b2]
C  [KERNEL32.DLL+0x17c24]
C  [ntdll.dll+0x6d4d1]


---------------  P R O C E S S  ---------------

Threads class SMR info:
_java_thread_list=0x000001eaab9c67d0, length=20, elements={
0x000001ea8dcad000, 0x000001ea8dd67000, 0x000001ea8dd6a800, 0x000001eaa8f09800,
0x000001eaa8f0c800, 0x000001eaa8f0d800, 0x000001eaa8f11000, 0x000001eaa7d9c000,
0x000001eaa9018000, 0x000001eaa916a800, 0x000001eaaa698000, 0x000001eaaa959800,
0x000001eaaa91e000, 0x000001eaaa91c000, 0x000001eaab30e000, 0x000001eaab2cd000,
0x000001eaaab00800, 0x000001eaaafc2800, 0x000001eaab84c000, 0x000001eaaba48000
}

Java Threads: ( => current thread )
  0x000001ea8dcad000 JavaThread "main" [_thread_blocked, id=20740, stack(0x000000e413f00000,0x000000e414000000)]
  0x000001ea8dd67000 JavaThread "Reference Handler" daemon [_thread_blocked, id=19068, stack(0x000000e414200000,0x000000e414300000)]
  0x000001ea8dd6a800 JavaThread "Finalizer" daemon [_thread_blocked, id=23948, stack(0x000000e414300000,0x000000e414400000)]
  0x000001eaa8f09800 JavaThread "Signal Dispatcher" daemon [_thread_blocked, id=21600, stack(0x000000e414400000,0x000000e414500000)]
  0x000001eaa8f0c800 JavaThread "Attach Listener" daemon [_thread_blocked, id=3836, stack(0x000000e414500000,0x000000e414600000)]
  0x000001eaa8f0d800 JavaThread "C2 CompilerThread0" daemon [_thread_in_native, id=20588, stack(0x000000e414600000,0x000000e414700000)]
  0x000001eaa8f11000 JavaThread "C1 CompilerThread0" daemon [_thread_blocked, id=11952, stack(0x000000e414700000,0x000000e414800000)]
  0x000001eaa7d9c000 JavaThread "Sweeper thread" daemon [_thread_blocked, id=10476, stack(0x000000e414800000,0x000000e414900000)]
  0x000001eaa9018000 JavaThread "Common-Cleaner" daemon [_thread_blocked, id=18808, stack(0x000000e414900000,0x000000e414a00000)]
  0x000001eaa916a800 JavaThread "Service Thread" daemon [_thread_blocked, id=22316, stack(0x000000e414a00000,0x000000e414b00000)]
  0x000001eaaa698000 JavaThread "Active Thread: Equinox Container: db61402b-ed62-4c93-b127-eb6799fb2eb2" [_thread_blocked, id=11948, stack(0x000000e414e00000,0x000000e414f00000)]
  0x000001eaaa959800 JavaThread "Framework Event Dispatcher: Equinox Container: db61402b-ed62-4c93-b127-eb6799fb2eb2" daemon [_thread_blocked, id=15156, stack(0x000000e414f00000,0x000000e415000000)]
  0x000001eaaa91e000 JavaThread "Start Level: Equinox Container: db61402b-ed62-4c93-b127-eb6799fb2eb2" daemon [_thread_blocked, id=1904, stack(0x000000e415000000,0x000000e415100000)]
  0x000001eaaa91c000 JavaThread "SCR Component Actor" daemon [_thread_blocked, id=17052, stack(0x000000e415100000,0x000000e415200000)]
  0x000001eaab30e000 JavaThread "Worker-JM" [_thread_blocked, id=3140, stack(0x000000e415400000,0x000000e415500000)]
  0x000001eaab2cd000 JavaThread "Worker-0: Initialize Workspace" [_thread_blocked, id=24304, stack(0x000000e415500000,0x000000e415600000)]
  0x000001eaaab00800 JavaThread "Worker-1: Updating workspace" [_thread_in_native, id=25216, stack(0x000000e415a00000,0x000000e415b00000)]
  0x000001eaaafc2800 JavaThread "Worker-2" [_thread_blocked, id=24452, stack(0x000000e415b00000,0x000000e415c00000)]
  0x000001eaab84c000 JavaThread "pool-1-thread-1" [_thread_blocked, id=25528, stack(0x000000e415e00000,0x000000e415f00000)]
=>0x000001eaaba48000 JavaThread "C2 CompilerThread1" daemon [_thread_in_native, id=17168, stack(0x000000e414d00000,0x000000e414e00000)]

Other Threads:
  0x000001eaa7d80800 VMThread "VM Thread" [stack: 0x000000e414100000,0x000000e414200000] [id=5096]
  0x000001eaa9299800 WatcherThread [stack: 0x000000e414b00000,0x000000e414c00000] [id=6736]
  0x000001ea8dcc6800 GCTaskThread "ParGC Thread#0" [stack: 0x000000e414000000,0x000000e414100000] [id=7328]
  0x000001eaaa3e4800 GCTaskThread "ParGC Thread#1" [stack: 0x000000e414c00000,0x000000e414d00000] [id=13784]
  0x000001eaaa94c000 GCTaskThread "ParGC Thread#2" [stack: 0x000000e415200000,0x000000e415300000] [id=12732]
  0x000001eaaaa4c800 GCTaskThread "ParGC Thread#3" [stack: 0x000000e415300000,0x000000e415400000] [id=7900]
  0x000001eaab52b800 GCTaskThread "ParGC Thread#4" [stack: 0x000000e415600000,0x000000e415700000] [id=10340]
  0x000001eaaaa76800 GCTaskThread "ParGC Thread#5" [stack: 0x000000e415700000,0x000000e415800000] [id=768]
  0x000001eaab3bd800 GCTaskThread "ParGC Thread#6" [stack: 0x000000e415800000,0x000000e415900000] [id=23544]
  0x000001eaab3be000 GCTaskThread "ParGC Thread#7" [stack: 0x000000e415900000,0x000000e415a00000] [id=9744]
  0x000001eaaafa2800 GCTaskThread "ParGC Thread#8" [stack: 0x000000e415c00000,0x000000e415d00000] [id=15212]
  0x000001eaaa4cd800 GCTaskThread "ParGC Thread#9" [stack: 0x000000e415d00000,0x000000e415e00000] [id=9968]

Threads with active compile tasks:
C2 CompilerThread0    10856 3009       4       jdk.internal.jrtfs.JrtFileSystem$$Lambda$162/0x0000000800e1c040::apply (16 bytes)
C2 CompilerThread1    10856 3015       4       jdk.internal.jrtfs.JrtPath::resolve (125 bytes)

VM state:not at safepoint (normal execution)

VM Mutex/Monitor currently owned by a thread: None

Heap address: 0x00000000c0000000, size: 1024 MB, Compressed Oops mode: 32-bit
Narrow klass base: 0x0000000800000000, Narrow klass shift: 3
Compressed class space size: 1073741824 Address: 0x0000000800b40000

Heap:
 PSYoungGen      total 27136K, used 17137K [0x00000000eab00000, 0x00000000ecd80000, 0x0000000100000000)
  eden space 24064K, 58% used [0x00000000eab00000,0x00000000eb8bf218,0x00000000ec280000)
  from space 3072K, 99% used [0x00000000ec800000,0x00000000ecafd398,0x00000000ecb00000)
  to   space 5632K, 0% used [0x00000000ec280000,0x00000000ec280000,0x00000000ec800000)
 ParOldGen       total 68608K, used 10181K [0x00000000c0000000, 0x00000000c4300000, 0x00000000eab00000)
  object space 68608K, 14% used [0x00000000c0000000,0x00000000c09f15d0,0x00000000c4300000)
 Metaspace       used 27154K, capacity 28847K, committed 29184K, reserved 1075200K
  class space    used 2648K, capacity 3244K, committed 3328K, reserved 1048576K

Card table byte_map: [0x000001ea8d740000,0x000001ea8d950000] _byte_map_base: 0x000001ea8d140000

Marking Bits: (ParMarkBitMap*) 0x00007ffb6a1cbb10
 Begin Bits: [0x000001eaa51a0000, 0x000001eaa61a0000)
 End Bits:   [0x000001eaa61a0000, 0x000001eaa71a0000)

Polling page: 0x000001ea8bbe0000

Metaspace:

Usage:
  Non-class:     25.00 MB capacity,    23.93 MB ( 96%) used,     1.02 MB (  4%) free+waste,    54.06 KB ( <1%) overhead. 
      Class:      3.17 MB capacity,     2.59 MB ( 82%) used,   568.53 KB ( 18%) free+waste,    26.63 KB ( <1%) overhead. 
       Both:     28.17 MB capacity,    26.52 MB ( 94%) used,     1.57 MB (  6%) free+waste,    80.69 KB ( <1%) overhead. 

Virtual space:
  Non-class space:       26.00 MB reserved,      25.25 MB ( 97%) committed 
      Class space:        1.00 GB reserved,       3.25 MB ( <1%) committed 
             Both:        1.03 GB reserved,      28.50 MB (  3%) committed 

Chunk freelists:
   Non-Class:  0 bytes
       Class:  20.00 KB
        Both:  20.00 KB

MaxMetaspaceSize: 17179869184.00 GB
CompressedClassSpaceSize: 1.00 GB

CodeHeap 'non-profiled nmethods': size=120000Kb used=1202Kb max_used=1202Kb free=118797Kb
 bounds [0x000001ea9dc70000, 0x000001ea9dee0000, 0x000001eaa51a0000]
CodeHeap 'profiled nmethods': size=120000Kb used=5910Kb max_used=5910Kb free=114089Kb
 bounds [0x000001ea96740000, 0x000001ea96d10000, 0x000001ea9dc70000]
CodeHeap 'non-nmethods': size=5760Kb used=1273Kb max_used=1296Kb free=4486Kb
 bounds [0x000001ea961a0000, 0x000001ea96410000, 0x000001ea96740000]
 total_blobs=4590 nmethods=2678 adapters=461
 compilation: enabled
              stopped_count=0, restarted_count=0
 full_count=0

Compilation events (20 events):
Event: 10.761 Thread 0x000001eaa8f11000 3010       1       org.eclipse.core.internal.dtree.DataTreeNode::getData (5 bytes)
Event: 10.762 Thread 0x000001eaa8f11000 nmethod 3010 0x000001ea9dd93110 code [0x000001ea9dd932a0, 0x000001ea9dd933d8]
Event: 10.766 Thread 0x000001eaa8f11000 3011  s    3       org.eclipse.core.internal.watson.ElementTree::includes (36 bytes)
Event: 10.766 Thread 0x000001eaa8f11000 nmethod 3011 0x000001ea96cffe90 code [0x000001ea96d00040, 0x000001ea96d00450]
Event: 10.767 Thread 0x000001eaa8f11000 3012       3       org.eclipse.jdt.internal.compiler.parser.Scanner::getCurrentIdentifierSource (142 bytes)
Event: 10.767 Thread 0x000001eaa8f11000 nmethod 3012 0x000001ea96d00590 code [0x000001ea96d007c0, 0x000001ea96d00f20]
Event: 10.767 Thread 0x000001eaa8f11000 3013       3       org.eclipse.jdt.core.JavaConventions::scanForRestrictedKeyWords (137 bytes)
Event: 10.768 Thread 0x000001eaa8f11000 nmethod 3013 0x000001ea96d01110 code [0x000001ea96d01380, 0x000001ea96d02130]
Event: 10.772 Thread 0x000001eaaba48000 nmethod 2951 0x000001ea9dd93490 code [0x000001ea9dd93820, 0x000001ea9dd96450]
Event: 10.772 Thread 0x000001eaaba48000 2972   !   4       java.nio.file.FileTreeWalker::getAttributes (94 bytes)
Event: 10.776 Thread 0x000001eaa8f11000 3014       3       org.eclipse.jdt.internal.core.JavaModelStatus::getSeverity (60 bytes)
Event: 10.777 Thread 0x000001eaa8f11000 nmethod 3014 0x000001ea96d02510 code [0x000001ea96d026e0, 0x000001ea96d02b10]
Event: 10.780 Thread 0x000001eaa8f11000 3018       1       java.lang.ThreadLocal::initialValue (2 bytes)
Event: 10.780 Thread 0x000001eaa8f11000 nmethod 3018 0x000001ea9dd97b90 code [0x000001ea9dd97d20, 0x000001ea9dd97e58]
Event: 10.780 Thread 0x000001eaaba48000 nmethod 2972 0x000001ea9dd97f10 code [0x000001ea9dd980e0, 0x000001ea9dd98478]
Event: 10.781 Thread 0x000001eaaba48000 3015       4       jdk.internal.jrtfs.JrtPath::resolve (125 bytes)
Event: 10.786 Thread 0x000001eaa8f11000 3019       3       org.eclipse.jdt.internal.core.util.WeakHashSet::cleanupGarbageCollectedValues (147 bytes)
Event: 10.787 Thread 0x000001eaa8f11000 nmethod 3019 0x000001ea96d02c90 code [0x000001ea96d02ec0, 0x000001ea96d03b90]
Event: 10.800 Thread 0x000001eaa8f11000 3022       3       org.eclipse.jdt.internal.core.util.WeakHashSet::addValue (99 bytes)
Event: 10.801 Thread 0x000001eaa8f11000 nmethod 3022 0x000001ea96d03f90 code [0x000001ea96d04180, 0x000001ea96d04960]

GC Heap History (18 events):
Event: 3.287 GC heap before
{Heap before GC invocations=1 (full 0):
 PSYoungGen      total 29696K, used 25600K [0x00000000eab00000, 0x00000000ecc00000, 0x0000000100000000)
  eden space 25600K, 100% used [0x00000000eab00000,0x00000000ec400000,0x00000000ec400000)
  from space 4096K, 0% used [0x00000000ec800000,0x00000000ec800000,0x00000000ecc00000)
  to   space 4096K, 0% used [0x00000000ec400000,0x00000000ec400000,0x00000000ec800000)
 ParOldGen       total 68608K, used 0K [0x00000000c0000000, 0x00000000c4300000, 0x00000000eab00000)
  object space 68608K, 0% used [0x00000000c0000000,0x00000000c0000000,0x00000000c4300000)
 Metaspace       used 4177K, capacity 5347K, committed 5504K, reserved 1056768K
  class space    used 406K, capacity 514K, committed 640K, reserved 1048576K
}
Event: 3.303 GC heap after
{Heap after GC invocations=1 (full 0):
 PSYoungGen      total 29696K, used 3037K [0x00000000eab00000, 0x00000000ecc00000, 0x0000000100000000)
  eden space 25600K, 0% used [0x00000000eab00000,0x00000000eab00000,0x00000000ec400000)
  from space 4096K, 74% used [0x00000000ec400000,0x00000000ec6f7618,0x00000000ec800000)
  to   space 4096K, 0% used [0x00000000ec800000,0x00000000ec800000,0x00000000ecc00000)
 ParOldGen       total 68608K, used 0K [0x00000000c0000000, 0x00000000c4300000, 0x00000000eab00000)
  object space 68608K, 0% used [0x00000000c0000000,0x00000000c0000000,0x00000000c4300000)
 Metaspace       used 4177K, capacity 5347K, committed 5504K, reserved 1056768K
  class space    used 406K, capacity 514K, committed 640K, reserved 1048576K
}
Event: 4.302 GC heap before
{Heap before GC invocations=2 (full 0):
 PSYoungGen      total 29696K, used 28637K [0x00000000eab00000, 0x00000000ecc00000, 0x0000000100000000)
  eden space 25600K, 100% used [0x00000000eab00000,0x00000000ec400000,0x00000000ec400000)
  from space 4096K, 74% used [0x00000000ec400000,0x00000000ec6f7618,0x00000000ec800000)
  to   space 4096K, 0% used [0x00000000ec800000,0x00000000ec800000,0x00000000ecc00000)
 ParOldGen       total 68608K, used 0K [0x00000000c0000000, 0x00000000c4300000, 0x00000000eab00000)
  object space 68608K, 0% used [0x00000000c0000000,0x00000000c0000000,0x00000000c4300000)
 Metaspace       used 8391K, capacity 8837K, committed 8960K, reserved 1056768K
  class space    used 822K, capacity 982K, committed 1024K, reserved 1048576K
}
Event: 4.367 GC heap after
{Heap after GC invocations=2 (full 0):
 PSYoungGen      total 29696K, used 4092K [0x00000000eab00000, 0x00000000ecc00000, 0x0000000100000000)
  eden space 25600K, 0% used [0x00000000eab00000,0x00000000eab00000,0x00000000ec400000)
  from space 4096K, 99% used [0x00000000ec800000,0x00000000ecbff390,0x00000000ecc00000)
  to   space 4096K, 0% used [0x00000000ec400000,0x00000000ec400000,0x00000000ec800000)
 ParOldGen       total 68608K, used 284K [0x00000000c0000000, 0x00000000c4300000, 0x00000000eab00000)
  object space 68608K, 0% used [0x00000000c0000000,0x00000000c0047288,0x00000000c4300000)
 Metaspace       used 8391K, capacity 8837K, committed 8960K, reserved 1056768K
  class space    used 822K, capacity 982K, committed 1024K, reserved 1048576K
}
Event: 5.427 GC heap before
{Heap before GC invocations=3 (full 0):
 PSYoungGen      total 29696K, used 29692K [0x00000000eab00000, 0x00000000ecc00000, 0x0000000100000000)
  eden space 25600K, 100% used [0x00000000eab00000,0x00000000ec400000,0x00000000ec400000)
  from space 4096K, 99% used [0x00000000ec800000,0x00000000ecbff390,0x00000000ecc00000)
  to   space 4096K, 0% used [0x00000000ec400000,0x00000000ec400000,0x00000000ec800000)
 ParOldGen       total 68608K, used 284K [0x00000000c0000000, 0x00000000c4300000, 0x00000000eab00000)
  object space 68608K, 0% used [0x00000000c0000000,0x00000000c0047288,0x00000000c4300000)
 Metaspace       used 13757K, capacity 14710K, committed 14848K, reserved 1062912K
  class space    used 1375K, capacity 1719K, committed 1792K, reserved 1048576K
}
Event: 5.519 GC heap after
{Heap after GC invocations=3 (full 0):
 PSYoungGen      total 29696K, used 4093K [0x00000000eab00000, 0x00000000ecc00000, 0x0000000100000000)
  eden space 25600K, 0% used [0x00000000eab00000,0x00000000eab00000,0x00000000ec400000)
  from space 4096K, 99% used [0x00000000ec400000,0x00000000ec7ff490,0x00000000ec800000)
  to   space 4096K, 0% used [0x00000000ec800000,0x00000000ec800000,0x00000000ecc00000)
 ParOldGen       total 68608K, used 2193K [0x00000000c0000000, 0x00000000c4300000, 0x00000000eab00000)
  object space 68608K, 3% used [0x00000000c0000000,0x00000000c0224708,0x00000000c4300000)
 Metaspace       used 13757K, capacity 14710K, committed 14848K, reserved 1062912K
  class space    used 1375K, capacity 1719K, committed 1792K, reserved 1048576K
}
Event: 6.603 GC heap before
{Heap before GC invocations=4 (full 0):
 PSYoungGen      total 29696K, used 29693K [0x00000000eab00000, 0x00000000ecc00000, 0x0000000100000000)
  eden space 25600K, 100% used [0x00000000eab00000,0x00000000ec400000,0x00000000ec400000)
  from space 4096K, 99% used [0x00000000ec400000,0x00000000ec7ff490,0x00000000ec800000)
  to   space 4096K, 0% used [0x00000000ec800000,0x00000000ec800000,0x00000000ecc00000)
 ParOldGen       total 68608K, used 2193K [0x00000000c0000000, 0x00000000c4300000, 0x00000000eab00000)
  object space 68608K, 3% used [0x00000000c0000000,0x00000000c0224708,0x00000000c4300000)
 Metaspace       used 17952K, capacity 19091K, committed 19328K, reserved 1067008K
  class space    used 1691K, capacity 2088K, committed 2176K, reserved 1048576K
}
Event: 6.663 GC heap after
{Heap after GC invocations=4 (full 0):
 PSYoungGen      total 29696K, used 4087K [0x00000000eab00000, 0x00000000ecc00000, 0x0000000100000000)
  eden space 25600K, 0% used [0x00000000eab00000,0x00000000eab00000,0x00000000ec400000)
  from space 4096K, 99% used [0x00000000ec800000,0x00000000ecbfdd70,0x00000000ecc00000)
  to   space 4096K, 0% used [0x00000000ec400000,0x00000000ec400000,0x00000000ec800000)
 ParOldGen       total 68608K, used 2869K [0x00000000c0000000, 0x00000000c4300000, 0x00000000eab00000)
  object space 68608K, 4% used [0x00000000c0000000,0x00000000c02cd680,0x00000000c4300000)
 Metaspace       used 17952K, capacity 19091K, committed 19328K, reserved 1067008K
  class space    used 1691K, capacity 2088K, committed 2176K, reserved 1048576K
}
Event: 7.844 GC heap before
{Heap before GC invocations=5 (full 0):
 PSYoungGen      total 29696K, used 24570K [0x00000000eab00000, 0x00000000ecc00000, 0x0000000100000000)
  eden space 25600K, 80% used [0x00000000eab00000,0x00000000ebf00b18,0x00000000ec400000)
  from space 4096K, 99% used [0x00000000ec800000,0x00000000ecbfdd70,0x00000000ecc00000)
  to   space 4096K, 0% used [0x00000000ec400000,0x00000000ec400000,0x00000000ec800000)
 ParOldGen       total 68608K, used 2869K [0x00000000c0000000, 0x00000000c4300000, 0x00000000eab00000)
  object space 68608K, 4% used [0x00000000c0000000,0x00000000c02cd680,0x00000000c4300000)
 Metaspace       used 20025K, capacity 21183K, committed 21296K, reserved 1069056K
  class space    used 1850K, capacity 2238K, committed 2304K, reserved 1048576K
}
Event: 7.865 GC heap after
{Heap after GC invocations=5 (full 0):
 PSYoungGen      total 29696K, used 4082K [0x00000000eab00000, 0x00000000ece00000, 0x0000000100000000)
  eden space 25600K, 0% used [0x00000000eab00000,0x00000000eab00000,0x00000000ec400000)
  from space 4096K, 99% used [0x00000000ec400000,0x00000000ec7fc990,0x00000000ec800000)
  to   space 5120K, 0% used [0x00000000ec900000,0x00000000ec900000,0x00000000ece00000)
 ParOldGen       total 68608K, used 3606K [0x00000000c0000000, 0x00000000c4300000, 0x00000000eab00000)
  object space 68608K, 5% used [0x00000000c0000000,0x00000000c0385be8,0x00000000c4300000)
 Metaspace       used 20025K, capacity 21183K, committed 21296K, reserved 1069056K
  class space    used 1850K, capacity 2238K, committed 2304K, reserved 1048576K
}
Event: 7.865 GC heap before
{Heap before GC invocations=6 (full 1):
 PSYoungGen      total 29696K, used 4082K [0x00000000eab00000, 0x00000000ece00000, 0x0000000100000000)
  eden space 25600K, 0% used [0x00000000eab00000,0x00000000eab00000,0x00000000ec400000)
  from space 4096K, 99% used [0x00000000ec400000,0x00000000ec7fc990,0x00000000ec800000)
  to   space 5120K, 0% used [0x00000000ec900000,0x00000000ec900000,0x00000000ece00000)
 ParOldGen       total 68608K, used 3606K [0x00000000c0000000, 0x00000000c4300000, 0x00000000eab00000)
  object space 68608K, 5% used [0x00000000c0000000,0x00000000c0385be8,0x00000000c4300000)
 Metaspace       used 20025K, capacity 21183K, committed 21296K, reserved 1069056K
  class space    used 1850K, capacity 2238K, committed 2304K, reserved 1048576K
}
Event: 7.919 GC heap after
{Heap after GC invocations=6 (full 1):
 PSYoungGen      total 29696K, used 0K [0x00000000eab00000, 0x00000000ece00000, 0x0000000100000000)
  eden space 25600K, 0% used [0x00000000eab00000,0x00000000eab00000,0x00000000ec400000)
  from space 4096K, 0% used [0x00000000ec400000,0x00000000ec400000,0x00000000ec800000)
  to   space 5120K, 0% used [0x00000000ec900000,0x00000000ec900000,0x00000000ece00000)
 ParOldGen       total 68608K, used 7561K [0x00000000c0000000, 0x00000000c4300000, 0x00000000eab00000)
  object space 68608K, 11% used [0x00000000c0000000,0x00000000c0762790,0x00000000c4300000)
 Metaspace       used 20025K, capacity 21183K, committed 21296K, reserved 1069056K
  class space    used 1850K, capacity 2238K, committed 2304K, reserved 1048576K
}
Event: 9.179 GC heap before
{Heap before GC invocations=7 (full 1):
 PSYoungGen      total 29696K, used 25600K [0x00000000eab00000, 0x00000000ece00000, 0x0000000100000000)
  eden space 25600K, 100% used [0x00000000eab00000,0x00000000ec400000,0x00000000ec400000)
  from space 4096K, 0% used [0x00000000ec400000,0x00000000ec400000,0x00000000ec800000)
  to   space 5120K, 0% used [0x00000000ec900000,0x00000000ec900000,0x00000000ece00000)
 ParOldGen       total 68608K, used 7561K [0x00000000c0000000, 0x00000000c4300000, 0x00000000eab00000)
  object space 68608K, 11% used [0x00000000c0000000,0x00000000c0762790,0x00000000c4300000)
 Metaspace       used 25006K, capacity 26466K, committed 26624K, reserved 1073152K
  class space    used 2428K, capacity 2987K, committed 3072K, reserved 1048576K
}
Event: 9.182 GC heap after
{Heap after GC invocations=7 (full 1):
 PSYoungGen      total 27136K, used 2025K [0x00000000eab00000, 0x00000000ecb00000, 0x0000000100000000)
  eden space 25088K, 0% used [0x00000000eab00000,0x00000000eab00000,0x00000000ec380000)
  from space 2048K, 98% used [0x00000000ec900000,0x00000000ecafa580,0x00000000ecb00000)
  to   space 3072K, 0% used [0x00000000ec500000,0x00000000ec500000,0x00000000ec800000)
 ParOldGen       total 68608K, used 7569K [0x00000000c0000000, 0x00000000c4300000, 0x00000000eab00000)
  object space 68608K, 11% used [0x00000000c0000000,0x00000000c0764790,0x00000000c4300000)
 Metaspace       used 25006K, capacity 26466K, committed 26624K, reserved 1073152K
  class space    used 2428K, capacity 2987K, committed 3072K, reserved 1048576K
}
Event: 10.421 GC heap before
{Heap before GC invocations=8 (full 1):
 PSYoungGen      total 27136K, used 27113K [0x00000000eab00000, 0x00000000ecb00000, 0x0000000100000000)
  eden space 25088K, 100% used [0x00000000eab00000,0x00000000ec380000,0x00000000ec380000)
  from space 2048K, 98% used [0x00000000ec900000,0x00000000ecafa580,0x00000000ecb00000)
  to   space 3072K, 0% used [0x00000000ec500000,0x00000000ec500000,0x00000000ec800000)
 ParOldGen       total 68608K, used 7569K [0x00000000c0000000, 0x00000000c4300000, 0x00000000eab00000)
  object space 68608K, 11% used [0x00000000c0000000,0x00000000c0764790,0x00000000c4300000)
 Metaspace       used 27067K, capacity 28778K, committed 28928K, reserved 1075200K
  class space    used 2646K, capacity 3243K, committed 3328K, reserved 1048576K
}
Event: 10.498 GC heap after
{Heap after GC invocations=8 (full 1):
 PSYoungGen      total 27648K, used 3070K [0x00000000eab00000, 0x00000000ecb00000, 0x0000000100000000)
  eden space 24576K, 0% used [0x00000000eab00000,0x00000000eab00000,0x00000000ec300000)
  from space 3072K, 99% used [0x00000000ec500000,0x00000000ec7ffae0,0x00000000ec800000)
  to   space 3072K, 0% used [0x00000000ec800000,0x00000000ec800000,0x00000000ecb00000)
 ParOldGen       total 68608K, used 8217K [0x00000000c0000000, 0x00000000c4300000, 0x00000000eab00000)
  object space 68608K, 11% used [0x00000000c0000000,0x00000000c0806790,0x00000000c4300000)
 Metaspace       used 27067K, capacity 28778K, committed 28928K, reserved 1075200K
  class space    used 2646K, capacity 3243K, committed 3328K, reserved 1048576K
}
Event: 10.697 GC heap before
{Heap before GC invocations=9 (full 1):
 PSYoungGen      total 27648K, used 27646K [0x00000000eab00000, 0x00000000ecb00000, 0x0000000100000000)
  eden space 24576K, 100% used [0x00000000eab00000,0x00000000ec300000,0x00000000ec300000)
  from space 3072K, 99% used [0x00000000ec500000,0x00000000ec7ffae0,0x00000000ec800000)
  to   space 3072K, 0% used [0x00000000ec800000,0x00000000ec800000,0x00000000ecb00000)
 ParOldGen       total 68608K, used 8217K [0x00000000c0000000, 0x00000000c4300000, 0x00000000eab00000)
  object space 68608K, 11% used [0x00000000c0000000,0x00000000c0806790,0x00000000c4300000)
 Metaspace       used 27125K, capacity 28843K, committed 28928K, reserved 1075200K
  class space    used 2647K, capacity 3243K, committed 3328K, reserved 1048576K
}
Event: 10.750 GC heap after
{Heap after GC invocations=9 (full 1):
 PSYoungGen      total 27136K, used 3060K [0x00000000eab00000, 0x00000000ecd80000, 0x0000000100000000)
  eden space 24064K, 0% used [0x00000000eab00000,0x00000000eab00000,0x00000000ec280000)
  from space 3072K, 99% used [0x00000000ec800000,0x00000000ecafd398,0x00000000ecb00000)
  to   space 5632K, 0% used [0x00000000ec280000,0x00000000ec280000,0x00000000ec800000)
 ParOldGen       total 68608K, used 10181K [0x00000000c0000000, 0x00000000c4300000, 0x00000000eab00000)
  object space 68608K, 14% used [0x00000000c0000000,0x00000000c09f15d0,0x00000000c4300000)
 Metaspace       used 27125K, capacity 28843K, committed 28928K, reserved 1075200K
  class space    used 2647K, capacity 3243K, committed 3328K, reserved 1048576K
}

Deoptimization events (20 events):
Event: 9.261 Thread 0x000001eaab2cd000 Uncommon trap: trap_request=0xffffffc6 fr.pc=0x000001ea9dce217c relative=0x00000000000013bc
Event: 9.261 Thread 0x000001eaab2cd000 Uncommon trap: reason=bimorphic_or_optimized_type_check action=maybe_recompile pc=0x000001ea9dce217c method=java.io.DataOutputStream.write([BII)V @ 7 c2
Event: 9.261 Thread 0x000001eaab2cd000 DEOPT PACKING pc=0x000001ea9dce217c sp=0x000000e4155fe1c0
Event: 9.261 Thread 0x000001eaab2cd000 DEOPT UNPACKING pc=0x000001ea961e912f sp=0x000000e4155fe140 mode 2
Event: 9.261 Thread 0x000001eaab2cd000 Uncommon trap: trap_request=0xffffffc6 fr.pc=0x000001ea9dce217c relative=0x00000000000013bc
Event: 9.261 Thread 0x000001eaab2cd000 Uncommon trap: reason=bimorphic_or_optimized_type_check action=maybe_recompile pc=0x000001ea9dce217c method=java.io.DataOutputStream.write([BII)V @ 7 c2
Event: 9.261 Thread 0x000001eaab2cd000 DEOPT PACKING pc=0x000001ea9dce217c sp=0x000000e4155fe1a0
Event: 9.261 Thread 0x000001eaab2cd000 DEOPT UNPACKING pc=0x000001ea961e912f sp=0x000000e4155fe120 mode 2
Event: 9.261 Thread 0x000001eaab2cd000 Uncommon trap: trap_request=0xffffffc6 fr.pc=0x000001ea9dce217c relative=0x00000000000013bc
Event: 9.261 Thread 0x000001eaab2cd000 Uncommon trap: reason=bimorphic_or_optimized_type_check action=maybe_recompile pc=0x000001ea9dce217c method=java.io.DataOutputStream.write([BII)V @ 7 c2
Event: 9.261 Thread 0x000001eaab2cd000 DEOPT PACKING pc=0x000001ea9dce217c sp=0x000000e4155fe1a0
Event: 9.261 Thread 0x000001eaab2cd000 DEOPT UNPACKING pc=0x000001ea961e912f sp=0x000000e4155fe120 mode 2
Event: 9.261 Thread 0x000001eaab2cd000 Uncommon trap: trap_request=0xffffffc6 fr.pc=0x000001ea9dce217c relative=0x00000000000013bc
Event: 9.261 Thread 0x000001eaab2cd000 Uncommon trap: reason=bimorphic_or_optimized_type_check action=maybe_recompile pc=0x000001ea9dce217c method=java.io.DataOutputStream.write([BII)V @ 7 c2
Event: 9.262 Thread 0x000001eaab2cd000 DEOPT PACKING pc=0x000001ea9dce217c sp=0x000000e4155fe1a0
Event: 9.262 Thread 0x000001eaab2cd000 DEOPT UNPACKING pc=0x000001ea961e912f sp=0x000000e4155fe120 mode 2
Event: 9.861 Thread 0x000001eaab2cd000 Uncommon trap: trap_request=0xffffff45 fr.pc=0x000001ea9dd6cb80 relative=0x0000000000000160
Event: 9.861 Thread 0x000001eaab2cd000 Uncommon trap: reason=unstable_if action=reinterpret pc=0x000001ea9dd6cb80 method=jdk.internal.jrtfs.JrtPath.normalize(Ljava/lang/String;)Ljava/lang/String; @ 78 c2
Event: 9.861 Thread 0x000001eaab2cd000 DEOPT PACKING pc=0x000001ea9dd6cb80 sp=0x000000e4155fdc70
Event: 9.861 Thread 0x000001eaab2cd000 DEOPT UNPACKING pc=0x000001ea961e912f sp=0x000000e4155fdbf0 mode 2

Classes unloaded (0 events):
No events

Classes redefined (0 events):
No events

Internal exceptions (20 events):
Event: 9.127 Thread 0x000001eaab2cd000 Exception <a 'sun/nio/fs/WindowsException'{0x00000000ec381630}> (0x00000000ec381630) 
thrown [t:/workspace/open/src/hotspot/share/prims/jni.cpp, line 598]
Event: 9.127 Thread 0x000001eaab2cd000 Exception <a 'sun/nio/fs/WindowsException'{0x00000000ec382430}> (0x00000000ec382430) 
thrown [t:/workspace/open/src/hotspot/share/prims/jni.cpp, line 598]
Event: 9.135 Thread 0x000001eaab2cd000 Exception <a 'sun/nio/fs/WindowsException'{0x00000000ec3aa848}> (0x00000000ec3aa848) 
thrown [t:/workspace/open/src/hotspot/share/prims/jni.cpp, line 598]
Event: 9.138 Thread 0x000001eaab2cd000 Exception <a 'sun/nio/fs/WindowsException'{0x00000000ec3b0e50}> (0x00000000ec3b0e50) 
thrown [t:/workspace/open/src/hotspot/share/prims/jni.cpp, line 598]
Event: 9.143 Thread 0x000001eaab2cd000 Exception <a 'sun/nio/fs/WindowsException'{0x00000000ec3b7698}> (0x00000000ec3b7698) 
thrown [t:/workspace/open/src/hotspot/share/prims/jni.cpp, line 598]
Event: 9.259 Thread 0x000001eaab2cd000 Exception <a 'sun/nio/fs/WindowsException'{0x00000000eab3ce90}> (0x00000000eab3ce90) 
thrown [t:/workspace/open/src/hotspot/share/prims/jni.cpp, line 598]
Event: 9.293 Thread 0x000001eaab2cd000 Exception <a 'sun/nio/fs/WindowsException'{0x00000000eab7ea00}> (0x00000000eab7ea00) 
thrown [t:/workspace/open/src/hotspot/share/prims/jni.cpp, line 598]
Event: 9.295 Thread 0x000001eaab2cd000 Exception <a 'sun/nio/fs/WindowsException'{0x00000000eab82650}> (0x00000000eab82650) 
thrown [t:/workspace/open/src/hotspot/share/prims/jni.cpp, line 598]
Event: 9.298 Thread 0x000001eaab2cd000 Exception <a 'sun/nio/fs/WindowsException'{0x00000000eab85e58}> (0x00000000eab85e58) 
thrown [t:/workspace/open/src/hotspot/share/prims/jni.cpp, line 598]
Event: 9.300 Thread 0x000001eaab2cd000 Exception <a 'sun/nio/fs/WindowsException'{0x00000000eab895b8}> (0x00000000eab895b8) 
thrown [t:/workspace/open/src/hotspot/share/prims/jni.cpp, line 598]
Event: 9.305 Thread 0x000001eaab2cd000 Exception <a 'sun/nio/fs/WindowsException'{0x00000000eab90f30}> (0x00000000eab90f30) 
thrown [t:/workspace/open/src/hotspot/share/prims/jni.cpp, line 598]
Event: 9.320 Thread 0x000001eaab2cd000 Exception <a 'sun/nio/fs/WindowsException'{0x00000000eab9e110}> (0x00000000eab9e110) 
thrown [t:/workspace/open/src/hotspot/share/prims/jni.cpp, line 598]
Event: 9.325 Thread 0x000001eaab2cd000 Exception <a 'java/io/FileNotFoundException'{0x00000000eaba49c0}> (0x00000000eaba49c0) 
thrown [t:/workspace/open/src/hotspot/share/prims/jni.cpp, line 598]
Event: 9.366 Thread 0x000001eaab2cd000 Exception <a 'sun/nio/fs/WindowsException'{0x00000000eabec1f8}> (0x00000000eabec1f8) 
thrown [t:/workspace/open/src/hotspot/share/prims/jni.cpp, line 598]
Event: 9.422 Thread 0x000001eaab2cd000 Exception <a 'java/io/FileNotFoundException'{0x00000000eac5ff08}> (0x00000000eac5ff08) 
thrown [t:/workspace/open/src/hotspot/share/prims/jni.cpp, line 598]
Event: 9.482 Thread 0x000001eaab2cd000 Exception <a 'java/io/FileNotFoundException'{0x00000000eac74978}> (0x00000000eac74978) 
thrown [t:/workspace/open/src/hotspot/share/prims/jni.cpp, line 598]
Event: 9.484 Thread 0x000001eaab2cd000 Exception <a 'java/io/FileNotFoundException'{0x00000000eac763b8}> (0x00000000eac763b8) 
thrown [t:/workspace/open/src/hotspot/share/prims/jni.cpp, line 598]
Event: 9.489 Thread 0x000001eaab2cd000 Exception <a 'sun/nio/fs/WindowsException'{0x00000000eac823e0}> (0x00000000eac823e0) 
thrown [t:/workspace/open/src/hotspot/share/prims/jni.cpp, line 598]
Event: 10.364 Thread 0x000001eaab2cd000 Exception <a 'java/io/FileNotFoundException'{0x00000000ec2625e0}> (0x00000000ec2625e0) 
thrown [t:/workspace/open/src/hotspot/share/prims/jni.cpp, line 598]
Event: 10.366 Thread 0x000001eaab2cd000 Exception <a 'java/lang/NoSuchMethodError'{0x00000000ec26e0e0}: 'void java.lang.invoke.DirectMethodHandle$Holder.invokeStaticInit(java.lang.Object, java.lang.Object, java.lang.Object)'> (0x00000000ec26e0e0) 
thrown [t:/workspace/open/src/hotspot/share/interpreter/linkResolver.cpp, line 767]

Events (20 events):
Event: 10.499 Executing VM operation: RevokeBias done
Event: 10.499 Executing VM operation: RevokeBias
Event: 10.499 Executing VM operation: RevokeBias done
Event: 10.562 Thread 0x000001eaaba48000 Thread added: 0x000001eaaba48000
Event: 10.696 Executing VM operation: ParallelGCFailedAllocation
Event: 10.754 Executing VM operation: ParallelGCFailedAllocation done
Event: 10.754 Executing VM operation: RevokeBias
Event: 10.755 Executing VM operation: RevokeBias done
Event: 10.762 loading class org/eclipse/core/resources/IResourceDelta
Event: 10.762 loading class org/eclipse/core/resources/IResourceDelta done
Event: 10.762 loading class org/eclipse/core/resources/IResourceDelta
Event: 10.762 loading class org/eclipse/core/resources/IResourceDelta done
Event: 10.763 Executing VM operation: RevokeBias
Event: 10.765 Executing VM operation: RevokeBias done
Event: 10.768 Executing VM operation: RevokeBias
Event: 10.768 Executing VM operation: RevokeBias done
Event: 10.777 Executing VM operation: RevokeBias
Event: 10.778 Executing VM operation: RevokeBias done
Event: 10.778 Executing VM operation: RevokeBias
Event: 10.779 Executing VM operation: RevokeBias done


Dynamic libraries:
0x00007ff64a0c0000 - 0x00007ff64a0cd000 	C:\jdk\openjdk-13_windows-x64_bin\jdk-13\bin\java.exe
0x00007ffba9be0000 - 0x00007ffba9dd0000 	C:\WINDOWS\SYSTEM32\ntdll.dll
0x00007ffba96a0000 - 0x00007ffba9752000 	C:\WINDOWS\System32\KERNEL32.DLL
0x00007ffba71a0000 - 0x00007ffba7445000 	C:\WINDOWS\System32\KERNELBASE.dll
0x00007ffba7000000 - 0x00007ffba70fa000 	C:\WINDOWS\System32\ucrtbase.dll
0x00007ffb9cd00000 - 0x00007ffb9cd18000 	C:\jdk\openjdk-13_windows-x64_bin\jdk-13\bin\jli.dll
0x00007ffba9500000 - 0x00007ffba9694000 	C:\WINDOWS\System32\USER32.dll
0x00007ffba7450000 - 0x00007ffba7471000 	C:\WINDOWS\System32\win32u.dll
0x00007ffba8100000 - 0x00007ffba8126000 	C:\WINDOWS\System32\GDI32.dll
0x00007ffba6b60000 - 0x00007ffba6cf8000 	C:\WINDOWS\System32\gdi32full.dll
0x00007ffba7100000 - 0x00007ffba719e000 	C:\WINDOWS\System32\msvcp_win.dll
0x00007ffb99b30000 - 0x00007ffb99b45000 	C:\jdk\openjdk-13_windows-x64_bin\jdk-13\bin\VCRUNTIME140.dll
0x00007ffb9c5c0000 - 0x00007ffb9c844000 	C:\WINDOWS\WinSxS\amd64_microsoft.windows.common-controls_6595b64144ccf1df_6.0.18362.1316_none_9e7a364fe461dbd7\COMCTL32.dll
0x00007ffba8820000 - 0x00007ffba88be000 	C:\WINDOWS\System32\msvcrt.dll
0x00007ffba7dc0000 - 0x00007ffba80f7000 	C:\WINDOWS\System32\combase.dll
0x00007ffba9a80000 - 0x00007ffba9b9f000 	C:\WINDOWS\System32\RPCRT4.dll
0x00007ffba6d00000 - 0x00007ffba6d81000 	C:\WINDOWS\System32\bcryptPrimitives.dll
0x00007ffba8d50000 - 0x00007ffba8d7e000 	C:\WINDOWS\System32\IMM32.DLL
0x00007ffb83f70000 - 0x00007ffb8400b000 	C:\jdk\openjdk-13_windows-x64_bin\jdk-13\bin\msvcp140.dll
0x00007ffb69730000 - 0x00007ffb6a296000 	C:\jdk\openjdk-13_windows-x64_bin\jdk-13\bin\server\jvm.dll
0x00007ffba8d80000 - 0x00007ffba8e23000 	C:\WINDOWS\System32\ADVAPI32.dll
0x00007ffba8cb0000 - 0x00007ffba8d47000 	C:\WINDOWS\System32\sechost.dll
0x00007ffba8f70000 - 0x00007ffba8f78000 	C:\WINDOWS\System32\PSAPI.DLL
0x00007ffb92530000 - 0x00007ffb92539000 	C:\WINDOWS\SYSTEM32\WSOCK32.dll
0x00007ffba8e30000 - 0x00007ffba8e9f000 	C:\WINDOWS\System32\WS2_32.dll
0x00007ffba1d10000 - 0x00007ffba1d34000 	C:\WINDOWS\SYSTEM32\WINMM.dll
0x00007ffba1010000 - 0x00007ffba101a000 	C:\WINDOWS\SYSTEM32\VERSION.dll
0x00007ffba1cd0000 - 0x00007ffba1cfd000 	C:\WINDOWS\SYSTEM32\WINMMBASE.dll
0x00007ffba6ee0000 - 0x00007ffba6f2a000 	C:\WINDOWS\System32\cfgmgr32.dll
0x00007ffba6b20000 - 0x00007ffba6b31000 	C:\WINDOWS\System32\kernel.appcore.dll
0x00007ffb9abe0000 - 0x00007ffb9abf0000 	C:\jdk\openjdk-13_windows-x64_bin\jdk-13\bin\verify.dll
0x00007ffba5360000 - 0x00007ffba5554000 	C:\WINDOWS\SYSTEM32\DBGHELP.DLL
0x00007ffb9df10000 - 0x00007ffb9df3a000 	C:\WINDOWS\SYSTEM32\dbgcore.DLL
0x00007ffb88a80000 - 0x00007ffb88aa6000 	C:\jdk\openjdk-13_windows-x64_bin\jdk-13\bin\java.dll
0x00007ffb996b0000 - 0x00007ffb996be000 	C:\jdk\openjdk-13_windows-x64_bin\jdk-13\bin\instrument.dll
0x00007ffb99690000 - 0x00007ffb996a7000 	C:\jdk\openjdk-13_windows-x64_bin\jdk-13\bin\zip.dll
0x00007ffb99380000 - 0x00007ffb9938a000 	C:\jdk\openjdk-13_windows-x64_bin\jdk-13\bin\jimage.dll
0x00007ffba8130000 - 0x00007ffba8818000 	C:\WINDOWS\System32\SHELL32.dll
0x00007ffba8b80000 - 0x00007ffba8c27000 	C:\WINDOWS\System32\shcore.dll
0x00007ffba7510000 - 0x00007ffba7c8b000 	C:\WINDOWS\System32\windows.storage.dll
0x00007ffba6aa0000 - 0x00007ffba6ac3000 	C:\WINDOWS\System32\profapi.dll
0x00007ffba6ad0000 - 0x00007ffba6b1a000 	C:\WINDOWS\System32\powrprof.dll
0x00007ffba6a90000 - 0x00007ffba6aa0000 	C:\WINDOWS\System32\UMPDC.dll
0x00007ffba93f0000 - 0x00007ffba9442000 	C:\WINDOWS\System32\shlwapi.dll
0x00007ffba6fe0000 - 0x00007ffba6ff7000 	C:\WINDOWS\System32\cryptsp.dll
0x00007ffb88850000 - 0x00007ffb88869000 	C:\jdk\openjdk-13_windows-x64_bin\jdk-13\bin\net.dll
0x00007ffb9d050000 - 0x00007ffb9d140000 	C:\WINDOWS\SYSTEM32\WINHTTP.dll
0x00007ffb9a950000 - 0x00007ffb9ab26000 	C:\WINDOWS\SYSTEM32\urlmon.dll
0x00007ffb91700000 - 0x00007ffb919a7000 	C:\WINDOWS\SYSTEM32\iertutil.dll
0x00007ffba6400000 - 0x00007ffba640c000 	C:\WINDOWS\SYSTEM32\CRYPTBASE.DLL
0x00007ffba6280000 - 0x00007ffba62e7000 	C:\WINDOWS\system32\mswsock.dll
0x00007ffb99360000 - 0x00007ffb99373000 	C:\jdk\openjdk-13_windows-x64_bin\jdk-13\bin\nio.dll
0x00007ffba5e10000 - 0x00007ffba5e43000 	C:\WINDOWS\system32\rsaenh.dll
0x00007ffba74e0000 - 0x00007ffba7506000 	C:\WINDOWS\System32\bcrypt.dll
0x00007ffba69b0000 - 0x00007ffba69d5000 	C:\WINDOWS\SYSTEM32\USERENV.dll
0x00007ffba5fa0000 - 0x00007ffba5fda000 	C:\WINDOWS\SYSTEM32\IPHLPAPI.DLL
0x00007ffba97e0000 - 0x00007ffba97e8000 	C:\WINDOWS\System32\NSI.dll
0x00007ffb9e3c0000 - 0x00007ffb9e3d6000 	C:\WINDOWS\SYSTEM32\dhcpcsvc6.DLL
0x00007ffb9e380000 - 0x00007ffb9e39c000 	C:\WINDOWS\SYSTEM32\dhcpcsvc.DLL
0x00007ffba5fe0000 - 0x00007ffba60ab000 	C:\WINDOWS\SYSTEM32\DNSAPI.dll
0x00007ffb85810000 - 0x00007ffb8583a000 	C:\Users\multicampus\AppData\Roaming\Code\User\globalStorage\redhat.java\0.73.0\config_ss_win\org.eclipse.equinox.launcher\org.eclipse.equinox.launcher.win32.win32.x86_64_1.2.0.v20200915-1442\eclipse_11100.dll

dbghelp: loaded successfully - version: 4.0.5 - missing functions: none
symbol engine: initialized successfully - sym options: 0x614 - pdb path: .;C:\jdk\openjdk-13_windows-x64_bin\jdk-13\bin;C:\WINDOWS\SYSTEM32;C:\WINDOWS\WinSxS\amd64_microsoft.windows.common-controls_6595b64144ccf1df_6.0.18362.1316_none_9e7a364fe461dbd7;C:\jdk\openjdk-13_windows-x64_bin\jdk-13\bin\server;C:\Users\multicampus\AppData\Roaming\Code\User\globalStorage\redhat.java\0.73.0\config_ss_win\org.eclipse.equinox.launcher\org.eclipse.equinox.launcher.win32.win32.x86_64_1.2.0.v20200915-1442

VM Arguments:
jvm_args: --add-modules=ALL-SYSTEM --add-opens=java.base/java.util=ALL-UNNAMED --add-opens=java.base/java.lang=ALL-UNNAMED -Declipse.application=org.eclipse.jdt.ls.core.id1 -Dosgi.bundles.defaultStartLevel=4 -Declipse.product=org.eclipse.jdt.ls.core.product -Dfile.encoding=utf8 -DwatchParentProcess=false -XX:+UseParallelGC -XX:GCTimeRatio=4 -XX:AdaptiveSizePolicyWeight=90 -Dsun.zip.disableMemoryMapping=true -Xmx1G -Xms100m -javaagent:c:\Users\multicampus\.vscode\extensions\gabrielbb.vscode-lombok-1.0.1\server\lombok.jar 
java_command: c:\Users\multicampus\.vscode\extensions\redhat.java-0.73.0\server\plugins\org.eclipse.equinox.launcher_1.6.0.v20200915-1508.jar -configuration c:\Users\multicampus\AppData\Roaming\Code\User\globalStorage\redhat.java\0.73.0\config_ss_win -data c:\Users\multicampus\AppData\Roaming\Code\User\workspaceStorage\5a7c260612917764e6a434974ee5df3b\redhat.java\ss_ws
java_class_path (initial): c:\Users\multicampus\.vscode\extensions\redhat.java-0.73.0\server\plugins\org.eclipse.equinox.launcher_1.6.0.v20200915-1508.jar
Launcher Type: SUN_STANDARD

[Global flags]
    uintx AdaptiveSizePolicyWeight                 = 90                                        {product} {command line}
     intx CICompilerCount                          = 4                                         {product} {ergonomic}
    uintx GCTimeRatio                              = 4                                         {product} {command line}
   size_t InitialHeapSize                          = 104857600                                 {product} {command line}
   size_t MaxHeapSize                              = 1073741824                                {product} {command line}
   size_t MaxNewSize                               = 357564416                                 {product} {ergonomic}
   size_t MinHeapDeltaBytes                        = 524288                                    {product} {ergonomic}
   size_t MinHeapSize                              = 104857600                                 {product} {command line}
   size_t NewSize                                  = 34603008                                  {product} {ergonomic}
    uintx NonNMethodCodeHeapSize                   = 5836300                                {pd product} {ergonomic}
    uintx NonProfiledCodeHeapSize                  = 122910970                              {pd product} {ergonomic}
   size_t OldSize                                  = 70254592                                  {product} {ergonomic}
    uintx ProfiledCodeHeapSize                     = 122910970                              {pd product} {ergonomic}
    uintx ReservedCodeCacheSize                    = 251658240                              {pd product} {ergonomic}
     bool SegmentedCodeCache                       = true                                      {product} {ergonomic}
   size_t SoftMaxHeapSize                          = 1073741824                             {manageable} {ergonomic}
     bool UseCompressedClassPointers               = true                                 {lp64_product} {ergonomic}
     bool UseCompressedOops                        = true                                 {lp64_product} {ergonomic}
     bool UseLargePagesIndividualAllocation        = false                                  {pd product} {ergonomic}
     bool UseParallelGC                            = true                                      {product} {command line}

Logging:
Log output configuration:
 #0: stdout all=warning uptime,level,tags
 #1: stderr all=off uptime,level,tags

Environment Variables:
JAVA_HOME=C:\jdk\openjdk-13_windows-x64_bin\jdk-13
PATH=C:\Program Files\Python35\Scripts\;C:\Program Files\Python35\;C:\Program Files (x86)\Intel\Intel(R) Management Engine Components\iCLS\;C:\Program Files\Intel\Intel(R) Management Engine Components\iCLS\;C:\Windows\system32;C:\Windows;C:\Windows\System32\Wbem;C:\Windows\System32\WindowsPowerShell\v1.0\;C:\Windows\System32\OpenSSH\;C:\Program Files (x86)\NVIDIA Corporation\PhysX\Common;C:\Program Files\Intel\WiFi\bin\;C:\Program Files\Common Files\Intel\WirelessCommon\;C:\Program Files (x86)\Intel\Intel(R) Management Engine Components\DAL;C:\Program Files\Intel\Intel(R) Management Engine Components\DAL;C:\Program Files (x86)\Intel\Intel(R) Management Engine Components\IPT;C:\Program Files\Intel\Intel(R) Management Engine Components\IPT;C:\Program Files\Zulu\zulu-8\bin\;C:\Program Files\Microsoft SQL Server\130\Tools\Binn\;C:\WINDOWS\system32;C:\WINDOWS;C:\WINDOWS\System32\Wbem;C:\WINDOWS\System32\WindowsPowerShell\v1.0\;C:\WINDOWS\System32\OpenSSH\;C:\Program Files\nodejs\;C:\Program Files\Git\cmd;C:\Program Files (x86)\Yarn\bin\;C:\maven\apache-maven-3.6.3\bin;;C:\Program Files\Docker\Docker\resources\bin;C:\ProgramData\DockerDesktop\version-bin;C:\Program Files\MySQL\MySQL Shell 8.0\bin\;C:\Users\multicampus\AppData\Local\Microsoft\WindowsApps;C:\Users\multicampus\AppData\Local\Programs\Microsoft VS Code\bin;C:\Users\multicampus\AppData\Roaming\npm;C:\Users\multicampus\AppData\Local\Yarn\bin;
USERNAME=multicampus
OS=Windows_NT
PROCESSOR_IDENTIFIER=Intel64 Family 6 Model 158 Stepping 10, GenuineIntel



---------------  S Y S T E M  ---------------

OS: Windows 10 , 64 bit Build 18362 (10.0.18362.1316)
HyperV virtualization detected

CPU:total 12 (initial active 12) (6 cores per cpu, 2 threads per core) family 6 model 158 stepping 10, cmov, cx8, fxsr, mmx, sse, sse2, sse3, ssse3, sse4.1, sse4.2, popcnt, avx, avx2, aes, clmul, erms, 3dnowpref, lzcnt, ht, tsc, tscinvbit, bmi1, bmi2, adx, fma

Memory: 4k page, system-wide physical 16316M (554M free)
TotalPageFile size 65468M (AvailPageFile size 16M)
current process WorkingSet (physical memory assigned to process): 147M, peak: 149M
current process commit charge ("private bytes"): 266M, peak: 268M

vm_info: OpenJDK 64-Bit Server VM (13+33) for windows-amd64 JRE (13+33), built on Aug  9 2019 11:21:18 by "mach5one" with unknown MS VC++:1916

END.
