#
# There is insufficient memory for the Java Runtime Environment to continue.
# Native memory allocation (malloc) failed to allocate 561056 bytes for Chunk::new
# Possible reasons:
#   The system is out of physical RAM or swap space
#   The process is running with CompressedOops enabled, and the Java Heap may be blocking the growth of the native heap
# Possible solutions:
#   Reduce memory load on the system
#   Increase physical memory or swap space
#   Check if swap backing store is full
#   Decrease Java heap size (-Xmx/-Xms)
#   Decrease number of Java threads
#   Decrease Java thread stack sizes (-Xss)
#   Set larger code cache with -XX:ReservedCodeCacheSize=
#   JVM is running with Unscaled Compressed Oops mode in which the Java heap is
#     placed in the first 4GB address space. The Java Heap base address is the
#     maximum limit for the native heap growth. Please use -XX:HeapBaseMinAddress
#     to set the Java Heap base and to place the Java Heap above 4GB virtual address.
# This output file may be truncated or incomplete.
#
#  Out of Memory Error (t:/workspace/open/src/hotspot/share/memory/arena.cpp:196), pid=17420, tid=12520
#
# JRE version: OpenJDK Runtime Environment (13.0+33) (build 13+33)
# Java VM: OpenJDK 64-Bit Server VM (13+33, mixed mode, sharing, tiered, compressed oops, parallel gc, windows-amd64)
# No core dump will be written. Minidumps are not enabled by default on client versions of Windows
#

---------------  S U M M A R Y ------------

Command Line: --add-modules=ALL-SYSTEM --add-opens=java.base/java.util=ALL-UNNAMED --add-opens=java.base/java.lang=ALL-UNNAMED -Declipse.application=org.eclipse.jdt.ls.core.id1 -Dosgi.bundles.defaultStartLevel=4 -Declipse.product=org.eclipse.jdt.ls.core.product -Dfile.encoding=utf8 -DwatchParentProcess=false -XX:+UseParallelGC -XX:GCTimeRatio=4 -XX:AdaptiveSizePolicyWeight=90 -Dsun.zip.disableMemoryMapping=true -Xmx1G -Xms100m -javaagent:c:\Users\multicampus\.vscode\extensions\gabrielbb.vscode-lombok-1.0.1\server\lombok.jar c:\Users\multicampus\.vscode\extensions\redhat.java-0.73.0\server\plugins\org.eclipse.equinox.launcher_1.6.0.v20200915-1508.jar -configuration c:\Users\multicampus\AppData\Roaming\Code\User\globalStorage\redhat.java\0.73.0\config_win -data c:\Users\multicampus\AppData\Roaming\Code\User\workspaceStorage\5a7c260612917764e6a434974ee5df3b\redhat.java\jdt_ws

Host: Intel(R) Core(TM) i7-8750H CPU @ 2.20GHz, 12 cores, 15G,  Windows 10 , 64 bit Build 18362 (10.0.18362.1316)
Time: Fri Jan 15 11:09:02 2021 ¢¥eCN©öI¡¾©ö C¡ÍA¨ª¨öA elapsed time: 7 seconds (0d 0h 0m 7s)

---------------  T H R E A D  ---------------

Current thread (0x0000025030afd000):  JavaThread "C2 CompilerThread0" daemon [_thread_in_native, id=12520, stack(0x0000006f25d00000,0x0000006f25e00000)]


Current CompileTask:
C2:   7694 2137       4       org.objectweb.asm.ClassReader::readMethod (1052 bytes)

Stack: [0x0000006f25d00000,0x0000006f25e00000]
Native frames: (J=compiled Java code, j=interpreted, Vv=VM code, C=native code)
V  [jvm.dll+0x626eaa]
V  [jvm.dll+0x772c4a]
V  [jvm.dll+0x7743ff]
V  [jvm.dll+0x774a03]
V  [jvm.dll+0x24da38]
V  [jvm.dll+0xc3ae7]
V  [jvm.dll+0xc406c]
V  [jvm.dll+0x2bfa64]
V  [jvm.dll+0x545e4d]
V  [jvm.dll+0x20fb86]
V  [jvm.dll+0x2092b6]
V  [jvm.dll+0x2069bd]
V  [jvm.dll+0x18b94c]
V  [jvm.dll+0x2159bd]
V  [jvm.dll+0x213e6b]
V  [jvm.dll+0x738af6]
V  [jvm.dll+0x731bea]
V  [jvm.dll+0x6260a6]
C  [ucrtbase.dll+0x210b2]
C  [KERNEL32.DLL+0x17c24]
C  [ntdll.dll+0x6d4d1]


---------------  P R O C E S S  ---------------

Threads class SMR info:
_java_thread_list=0x000002503309dad0, length=19, elements={
0x0000025015881800, 0x000002501593b000, 0x000002501593c000, 0x0000025030af9000,
0x0000025030afc000, 0x0000025030afd000, 0x0000025030b00000, 0x0000025030b01000,
0x0000025030c08000, 0x0000025030dab000, 0x00000250321fd800, 0x0000025032662800,
0x0000025032663000, 0x0000025032ad4800, 0x0000025032b53000, 0x0000025030e38800,
0x00000250324d3800, 0x0000025030dfd800, 0x0000025030da9000
}

Java Threads: ( => current thread )
  0x0000025015881800 JavaThread "main" [_thread_blocked, id=22488, stack(0x0000006f25600000,0x0000006f25700000)]
  0x000002501593b000 JavaThread "Reference Handler" daemon [_thread_blocked, id=20320, stack(0x0000006f25900000,0x0000006f25a00000)]
  0x000002501593c000 JavaThread "Finalizer" daemon [_thread_blocked, id=11288, stack(0x0000006f25a00000,0x0000006f25b00000)]
  0x0000025030af9000 JavaThread "Signal Dispatcher" daemon [_thread_blocked, id=1416, stack(0x0000006f25b00000,0x0000006f25c00000)]
  0x0000025030afc000 JavaThread "Attach Listener" daemon [_thread_blocked, id=5616, stack(0x0000006f25c00000,0x0000006f25d00000)]
=>0x0000025030afd000 JavaThread "C2 CompilerThread0" daemon [_thread_in_native, id=12520, stack(0x0000006f25d00000,0x0000006f25e00000)]
  0x0000025030b00000 JavaThread "C1 CompilerThread0" daemon [_thread_blocked, id=12812, stack(0x0000006f25e00000,0x0000006f25f00000)]
  0x0000025030b01000 JavaThread "Sweeper thread" daemon [_thread_blocked, id=20272, stack(0x0000006f25f00000,0x0000006f26000000)]
  0x0000025030c08000 JavaThread "Common-Cleaner" daemon [_thread_blocked, id=12548, stack(0x0000006f26000000,0x0000006f26100000)]
  0x0000025030dab000 JavaThread "Service Thread" daemon [_thread_blocked, id=5784, stack(0x0000006f26100000,0x0000006f26200000)]
  0x00000250321fd800 JavaThread "Active Thread: Equinox Container: e4ff758b-2348-45e5-9ed6-b755684001c1" [_thread_blocked, id=10576, stack(0x0000006f26300000,0x0000006f26400000)]
  0x0000025032662800 JavaThread "Framework Event Dispatcher: Equinox Container: e4ff758b-2348-45e5-9ed6-b755684001c1" daemon [_thread_blocked, id=13196, stack(0x0000006f26500000,0x0000006f26600000)]
  0x0000025032663000 JavaThread "Start Level: Equinox Container: e4ff758b-2348-45e5-9ed6-b755684001c1" daemon [_thread_blocked, id=12012, stack(0x0000006f26600000,0x0000006f26700000)]
  0x0000025032ad4800 JavaThread "SCR Component Actor" daemon [_thread_blocked, id=10836, stack(0x0000006f26700000,0x0000006f26800000)]
  0x0000025032b53000 JavaThread "Timer-0" daemon [_thread_blocked, id=22288, stack(0x0000006f26a00000,0x0000006f26b00000)]
  0x0000025030e38800 JavaThread "Worker-JM" [_thread_blocked, id=21580, stack(0x0000006f26b00000,0x0000006f26c00000)]
  0x00000250324d3800 JavaThread "Worker-0" [_thread_blocked, id=25352, stack(0x0000006f26e00000,0x0000006f26f00000)]
  0x0000025030dfd800 JavaThread "Worker-1" [_thread_blocked, id=11404, stack(0x0000006f26f00000,0x0000006f27000000)]
  0x0000025030da9000 JavaThread "Java indexing" daemon [_thread_new, id=6196, stack(0x0000000000000000,0x0000000000000000)]

Other Threads:
  0x000002502f950800 VMThread "VM Thread" [stack: 0x0000006f25800000,0x0000006f25900000] [id=3020] _threads_hazard_ptr=0x000002503309dad0
  0x0000025030d67800 WatcherThread [stack: 0x0000006f26200000,0x0000006f26300000] [id=15276]
  0x000002501589b000 GCTaskThread "ParGC Thread#0" [stack: 0x0000006f25700000,0x0000006f25800000] [id=2624]
  0x000002503220d000 GCTaskThread "ParGC Thread#1" [stack: 0x0000006f26400000,0x0000006f26500000] [id=19508]
  0x000002503248e000 GCTaskThread "ParGC Thread#2" [stack: 0x0000006f26800000,0x0000006f26900000] [id=23736]
  0x00000250324b8000 GCTaskThread "ParGC Thread#3" [stack: 0x0000006f26900000,0x0000006f26a00000] [id=21940]
  0x000002503228b800 GCTaskThread "ParGC Thread#4" [stack: 0x0000006f26c00000,0x0000006f26d00000] [id=17648]
  0x0000025032149800 GCTaskThread "ParGC Thread#5" [stack: 0x0000006f26d00000,0x0000006f26e00000] [id=16336]
  0x0000025032786800 GCTaskThread "ParGC Thread#6" [stack: 0x0000006f27000000,0x0000006f27100000] [id=16520]
  0x000002503250d000 GCTaskThread "ParGC Thread#7" [stack: 0x0000006f27100000,0x0000006f27200000] [id=3616]
  0x0000025032d29800 GCTaskThread "ParGC Thread#8" [stack: 0x0000006f27200000,0x0000006f27300000] [id=22856]
  0x0000025030dfe000 GCTaskThread "ParGC Thread#9" [stack: 0x0000006f27300000,0x0000006f27400000] [id=10120]

Threads with active compile tasks:
C2 CompilerThread0     7732 2137       4       org.objectweb.asm.ClassReader::readMethod (1052 bytes)

VM state:synchronizing (normal execution)

VM Mutex/Monitor currently owned by a thread:  ([mutex/lock_event])
[0x000002501587ee00] Threads_lock - owner thread: 0x000002502f950800

Heap address: 0x00000000c0000000, size: 1024 MB, Compressed Oops mode: 32-bit
Narrow klass base: 0x0000000800000000, Narrow klass shift: 3
Compressed class space size: 1073741824 Address: 0x0000000800b40000

Heap:
 PSYoungGen      total 29696K, used 24346K [0x00000000eab00000, 0x00000000ecc00000, 0x0000000100000000)
  eden space 25600K, 79% used [0x00000000eab00000,0x00000000ebecadc0,0x00000000ec400000)
  from space 4096K, 99% used [0x00000000ec800000,0x00000000ecbfbb90,0x00000000ecc00000)
  to   space 4096K, 0% used [0x00000000ec400000,0x00000000ec400000,0x00000000ec800000)
 ParOldGen       total 68608K, used 3732K [0x00000000c0000000, 0x00000000c4300000, 0x00000000eab00000)
  object space 68608K, 5% used [0x00000000c0000000,0x00000000c03a51e0,0x00000000c4300000)
 Metaspace       used 19554K, capacity 20600K, committed 20736K, reserved 1067008K
  class space    used 1797K, capacity 2186K, committed 2304K, reserved 1048576K

Card table byte_map: [0x0000025015310000,0x0000025015520000] _byte_map_base: 0x0000025014d10000

Marking Bits: (ParMarkBitMap*) 0x00007ffb6a1cbb10
 Begin Bits: [0x000002502cd70000, 0x000002502dd70000)
 End Bits:   [0x000002502dd70000, 0x000002502ed70000)

Polling page: 0x0000025013840000

Metaspace:

Usage:
  Non-class:     17.98 MB capacity,    17.34 MB ( 96%) used,   622.41 KB (  3%) free+waste,    34.31 KB ( <1%) overhead. 
      Class:      2.13 MB capacity,     1.76 MB ( 82%) used,   371.91 KB ( 17%) free+waste,    16.94 KB ( <1%) overhead. 
       Both:     20.12 MB capacity,    19.10 MB ( 95%) used,   994.31 KB (  5%) free+waste,    51.25 KB ( <1%) overhead. 

Virtual space:
  Non-class space:       18.00 MB reserved,      18.00 MB (100%) committed 
      Class space:        1.00 GB reserved,       2.25 MB ( <1%) committed 
             Both:        1.02 GB reserved,      20.25 MB (  2%) committed 

Chunk freelists:
   Non-Class:  18.00 KB
       Class:  22.00 KB
        Both:  40.00 KB

MaxMetaspaceSize: 17179869184.00 GB
CompressedClassSpaceSize: 1.00 GB

CodeHeap 'non-profiled nmethods': size=120000Kb used=763Kb max_used=764Kb free=119237Kb
 bounds [0x0000025025840000, 0x0000025025ab0000, 0x000002502cd70000]
CodeHeap 'profiled nmethods': size=120000Kb used=4392Kb max_used=4546Kb free=115607Kb
 bounds [0x000002501e310000, 0x000002501e790000, 0x0000025025840000]
CodeHeap 'non-nmethods': size=5760Kb used=1245Kb max_used=1247Kb free=4515Kb
 bounds [0x000002501dd70000, 0x000002501dfe0000, 0x000002501e310000]
 total_blobs=3465 nmethods=1991 adapters=421
 compilation: enabled
              stopped_count=0, restarted_count=0
 full_count=0

Compilation events (20 events):
Event: 7.685 Thread 0x0000025030b00000 nmethod 2150 0x000002501e314410 code [0x000002501e3145e0, 0x000002501e3149a0]
Event: 7.685 Thread 0x0000025030b00000 2155       3       org.eclipse.core.internal.preferences.ImmutableMap$ArrayMap::put (138 bytes)
Event: 7.686 Thread 0x0000025030b00000 nmethod 2155 0x000002501e313810 code [0x000002501e313a40, 0x000002501e314100]
Event: 7.686 Thread 0x0000025030b00000 2147       3       org.eclipse.core.internal.preferences.EclipsePreferences::node (8 bytes)
Event: 7.686 Thread 0x0000025030b00000 nmethod 2147 0x000002501e4fd390 code [0x000002501e4fd540, 0x000002501e4fd790]
Event: 7.686 Thread 0x0000025030b00000 2145       3       java.util.EventObject::<init> (24 bytes)
Event: 7.687 Thread 0x0000025030b00000 nmethod 2145 0x000002501e4fcd90 code [0x000002501e4fcf60, 0x000002501e4fd270]
Event: 7.687 Thread 0x0000025030b00000 2151       3       org.eclipse.core.runtime.ListenerList$ListenerListIterator::hasNext (16 bytes)
Event: 7.687 Thread 0x0000025030b00000 nmethod 2151 0x000002501e4fc910 code [0x000002501e4fcac0, 0x000002501e4fcc98]
Event: 7.687 Thread 0x0000025030b00000 2152       3       org.eclipse.core.runtime.ListenerList::iterator (12 bytes)
Event: 7.687 Thread 0x0000025030b00000 nmethod 2152 0x000002501e4fc210 code [0x000002501e4fc3c0, 0x000002501e4fc678]
Event: 7.687 Thread 0x0000025030b00000 2153       3       org.eclipse.core.runtime.ListenerList$ListenerListIterator::<init> (10 bytes)
Event: 7.687 Thread 0x0000025030b00000 nmethod 2153 0x000002501e3ad990 code [0x000002501e3adb40, 0x000002501e3add38]
Event: 7.687 Thread 0x0000025030b00000 2154       3       org.eclipse.core.internal.preferences.EclipsePreferences::put (43 bytes)
Event: 7.688 Thread 0x0000025030b00000 nmethod 2154 0x000002501e3ac690 code [0x000002501e3ac8e0, 0x000002501e3ad400]
Event: 7.688 Thread 0x0000025030b00000 2156   !   3       org.eclipse.core.internal.preferences.EclipsePreferences::internalPut (108 bytes)
Event: 7.690 Thread 0x0000025030b00000 nmethod 2156 0x000002501e34e790 code [0x000002501e34eac0, 0x000002501e34fd90]
Event: 7.690 Thread 0x0000025030b00000 2157       3       org.eclipse.core.internal.preferences.EclipsePreferences::firePreferenceEvent (75 bytes)
Event: 7.692 Thread 0x0000025030b00000 nmethod 2157 0x000002501e35e090 code [0x000002501e35e380, 0x000002501e35f390]
Event: 7.692 Thread 0x0000025030b00000 2158       3       org.eclipse.core.runtime.preferences.IEclipsePreferences$PreferenceChangeEvent::<init> (41 bytes)

GC Heap History (8 events):
Event: 3.501 GC heap before
{Heap before GC invocations=1 (full 0):
 PSYoungGen      total 29696K, used 25600K [0x00000000eab00000, 0x00000000ecc00000, 0x0000000100000000)
  eden space 25600K, 100% used [0x00000000eab00000,0x00000000ec400000,0x00000000ec400000)
  from space 4096K, 0% used [0x00000000ec800000,0x00000000ec800000,0x00000000ecc00000)
  to   space 4096K, 0% used [0x00000000ec400000,0x00000000ec400000,0x00000000ec800000)
 ParOldGen       total 68608K, used 0K [0x00000000c0000000, 0x00000000c4300000, 0x00000000eab00000)
  object space 68608K, 0% used [0x00000000c0000000,0x00000000c0000000,0x00000000c4300000)
 Metaspace       used 4157K, capacity 5347K, committed 5504K, reserved 1056768K
  class space    used 405K, capacity 514K, committed 640K, reserved 1048576K
}
Event: 3.648 GC heap after
{Heap after GC invocations=1 (full 0):
 PSYoungGen      total 29696K, used 3037K [0x00000000eab00000, 0x00000000ecc00000, 0x0000000100000000)
  eden space 25600K, 0% used [0x00000000eab00000,0x00000000eab00000,0x00000000ec400000)
  from space 4096K, 74% used [0x00000000ec400000,0x00000000ec6f7618,0x00000000ec800000)
  to   space 4096K, 0% used [0x00000000ec800000,0x00000000ec800000,0x00000000ecc00000)
 ParOldGen       total 68608K, used 0K [0x00000000c0000000, 0x00000000c4300000, 0x00000000eab00000)
  object space 68608K, 0% used [0x00000000c0000000,0x00000000c0000000,0x00000000c4300000)
 Metaspace       used 4157K, capacity 5347K, committed 5504K, reserved 1056768K
  class space    used 405K, capacity 514K, committed 640K, reserved 1048576K
}
Event: 5.088 GC heap before
{Heap before GC invocations=2 (full 0):
 PSYoungGen      total 29696K, used 28637K [0x00000000eab00000, 0x00000000ecc00000, 0x0000000100000000)
  eden space 25600K, 100% used [0x00000000eab00000,0x00000000ec400000,0x00000000ec400000)
  from space 4096K, 74% used [0x00000000ec400000,0x00000000ec6f7618,0x00000000ec800000)
  to   space 4096K, 0% used [0x00000000ec800000,0x00000000ec800000,0x00000000ecc00000)
 ParOldGen       total 68608K, used 0K [0x00000000c0000000, 0x00000000c4300000, 0x00000000eab00000)
  object space 68608K, 0% used [0x00000000c0000000,0x00000000c0000000,0x00000000c4300000)
 Metaspace       used 8020K, capacity 8502K, committed 8576K, reserved 1056768K
  class space    used 772K, capacity 885K, committed 896K, reserved 1048576K
}
Event: 5.195 GC heap after
{Heap after GC invocations=2 (full 0):
 PSYoungGen      total 29696K, used 4083K [0x00000000eab00000, 0x00000000ecc00000, 0x0000000100000000)
  eden space 25600K, 0% used [0x00000000eab00000,0x00000000eab00000,0x00000000ec400000)
  from space 4096K, 99% used [0x00000000ec800000,0x00000000ecbfce00,0x00000000ecc00000)
  to   space 4096K, 0% used [0x00000000ec400000,0x00000000ec400000,0x00000000ec800000)
 ParOldGen       total 68608K, used 975K [0x00000000c0000000, 0x00000000c4300000, 0x00000000eab00000)
  object space 68608K, 1% used [0x00000000c0000000,0x00000000c00f3d70,0x00000000c4300000)
 Metaspace       used 8020K, capacity 8502K, committed 8576K, reserved 1056768K
  class space    used 772K, capacity 885K, committed 896K, reserved 1048576K
}
Event: 6.727 GC heap before
{Heap before GC invocations=3 (full 0):
 PSYoungGen      total 29696K, used 29683K [0x00000000eab00000, 0x00000000ecc00000, 0x0000000100000000)
  eden space 25600K, 100% used [0x00000000eab00000,0x00000000ec400000,0x00000000ec400000)
  from space 4096K, 99% used [0x00000000ec800000,0x00000000ecbfce00,0x00000000ecc00000)
  to   space 4096K, 0% used [0x00000000ec400000,0x00000000ec400000,0x00000000ec800000)
 ParOldGen       total 68608K, used 975K [0x00000000c0000000, 0x00000000c4300000, 0x00000000eab00000)
  object space 68608K, 1% used [0x00000000c0000000,0x00000000c00f3d70,0x00000000c4300000)
 Metaspace       used 13338K, capacity 14248K, committed 14464K, reserved 1062912K
  class space    used 1329K, capacity 1649K, committed 1664K, reserved 1048576K
}
Event: 6.740 GC heap after
{Heap after GC invocations=3 (full 0):
 PSYoungGen      total 29696K, used 4088K [0x00000000eab00000, 0x00000000ecc00000, 0x0000000100000000)
  eden space 25600K, 0% used [0x00000000eab00000,0x00000000eab00000,0x00000000ec400000)
  from space 4096K, 99% used [0x00000000ec400000,0x00000000ec7fe1c8,0x00000000ec800000)
  to   space 4096K, 0% used [0x00000000ec800000,0x00000000ec800000,0x00000000ecc00000)
 ParOldGen       total 68608K, used 3008K [0x00000000c0000000, 0x00000000c4300000, 0x00000000eab00000)
  object space 68608K, 4% used [0x00000000c0000000,0x00000000c02f0110,0x00000000c4300000)
 Metaspace       used 13338K, capacity 14248K, committed 14464K, reserved 1062912K
  class space    used 1329K, capacity 1649K, committed 1664K, reserved 1048576K
}
Event: 7.421 GC heap before
{Heap before GC invocations=4 (full 0):
 PSYoungGen      total 29696K, used 29688K [0x00000000eab00000, 0x00000000ecc00000, 0x0000000100000000)
  eden space 25600K, 100% used [0x00000000eab00000,0x00000000ec400000,0x00000000ec400000)
  from space 4096K, 99% used [0x00000000ec400000,0x00000000ec7fe1c8,0x00000000ec800000)
  to   space 4096K, 0% used [0x00000000ec800000,0x00000000ec800000,0x00000000ecc00000)
 ParOldGen       total 68608K, used 3008K [0x00000000c0000000, 0x00000000c4300000, 0x00000000eab00000)
  object space 68608K, 4% used [0x00000000c0000000,0x00000000c02f0110,0x00000000c4300000)
 Metaspace       used 17516K, capacity 18532K, committed 18816K, reserved 1067008K
  class space    used 1655K, capacity 2054K, committed 2176K, reserved 1048576K
}
Event: 7.479 GC heap after
{Heap after GC invocations=4 (full 0):
 PSYoungGen      total 29696K, used 4078K [0x00000000eab00000, 0x00000000ecc00000, 0x0000000100000000)
  eden space 25600K, 0% used [0x00000000eab00000,0x00000000eab00000,0x00000000ec400000)
  from space 4096K, 99% used [0x00000000ec800000,0x00000000ecbfbb90,0x00000000ecc00000)
  to   space 4096K, 0% used [0x00000000ec400000,0x00000000ec400000,0x00000000ec800000)
 ParOldGen       total 68608K, used 3732K [0x00000000c0000000, 0x00000000c4300000, 0x00000000eab00000)
  object space 68608K, 5% used [0x00000000c0000000,0x00000000c03a51e0,0x00000000c4300000)
 Metaspace       used 17516K, capacity 18532K, committed 18816K, reserved 1067008K
  class space    used 1655K, capacity 2054K, committed 2176K, reserved 1048576K
}

Deoptimization events (20 events):
Event: 6.293 Thread 0x0000025032663000 Uncommon trap: trap_request=0xffffff45 fr.pc=0x000002502585d2b0 relative=0x00000000000002f0
Event: 6.293 Thread 0x0000025032663000 Uncommon trap: reason=unstable_if action=reinterpret pc=0x000002502585d2b0 method=java.lang.AbstractStringBuilder.isLatin1()Z @ 10 c2
Event: 6.293 Thread 0x0000025032663000 DEOPT PACKING pc=0x000002502585d2b0 sp=0x0000006f266f7f90
Event: 6.293 Thread 0x0000025032663000 DEOPT UNPACKING pc=0x000002501ddb912f sp=0x0000006f266f7f10 mode 2
Event: 6.300 Thread 0x0000025032663000 Uncommon trap: trap_request=0xffffff45 fr.pc=0x0000025025862be4 relative=0x0000000000000044
Event: 6.301 Thread 0x0000025032663000 Uncommon trap: reason=unstable_if action=reinterpret pc=0x0000025025862be4 method=java.lang.CharacterData.of(I)Ljava/lang/CharacterData; @ 4 c2
Event: 6.301 Thread 0x0000025032663000 DEOPT PACKING pc=0x0000025025862be4 sp=0x0000006f266f7740
Event: 6.301 Thread 0x0000025032663000 DEOPT UNPACKING pc=0x000002501ddb912f sp=0x0000006f266f76d8 mode 2
Event: 6.506 Thread 0x0000025032663000 DEOPT PACKING pc=0x000002501e47d926 sp=0x0000006f266f8630
Event: 6.506 Thread 0x0000025032663000 DEOPT UNPACKING pc=0x000002501ddb964e sp=0x0000006f266f7b28 mode 0
Event: 6.508 Thread 0x0000025032663000 DEOPT PACKING pc=0x000002501e47d926 sp=0x0000006f266f8630
Event: 6.508 Thread 0x0000025032663000 DEOPT UNPACKING pc=0x000002501ddb964e sp=0x0000006f266f7b28 mode 0
Event: 6.510 Thread 0x0000025032663000 DEOPT PACKING pc=0x000002501e47d926 sp=0x0000006f266f8630
Event: 6.510 Thread 0x0000025032663000 DEOPT UNPACKING pc=0x000002501ddb964e sp=0x0000006f266f7b28 mode 0
Event: 6.539 Thread 0x0000025032663000 DEOPT PACKING pc=0x000002501e36eb30 sp=0x0000006f266f7a60
Event: 6.539 Thread 0x0000025032663000 DEOPT UNPACKING pc=0x000002501ddb964e sp=0x0000006f266f6eb0 mode 0
Event: 6.640 Thread 0x0000025032663000 Uncommon trap: trap_request=0xffffff45 fr.pc=0x00000250258f6f40 relative=0x00000000000010e0
Event: 6.640 Thread 0x0000025032663000 Uncommon trap: reason=unstable_if action=reinterpret pc=0x00000250258f6f40 method=java.util.Properties.loadConvert([CIILjava/lang/StringBuilder;)Ljava/lang/String; @ 495 c2
Event: 6.640 Thread 0x0000025032663000 DEOPT PACKING pc=0x00000250258f6f40 sp=0x0000006f266f7450
Event: 6.640 Thread 0x0000025032663000 DEOPT UNPACKING pc=0x000002501ddb912f sp=0x0000006f266f7430 mode 2

Classes unloaded (0 events):
No events

Classes redefined (0 events):
No events

Internal exceptions (20 events):
Event: 3.492 Thread 0x0000025015881800 Exception <a 'java/lang/ClassNotFoundException'{0x00000000ec3ddff0}: sun/net/www/protocol/c/Handler> (0x00000000ec3ddff0) 
thrown [t:/workspace/open/src/hotspot/share/classfile/systemDictionary.cpp, line 232]
Event: 3.492 Thread 0x0000025015881800 Exception <a 'java/lang/ClassNotFoundException'{0x00000000ec3df480}: sun/net/www/protocol/c/Handler> (0x00000000ec3df480) 
thrown [t:/workspace/open/src/hotspot/share/classfile/systemDictionary.cpp, line 232]
Event: 3.493 Thread 0x0000025015881800 Exception <a 'java/lang/ClassNotFoundException'{0x00000000ec3e0738}: sun/net/www/protocol/c/Handler> (0x00000000ec3e0738) 
thrown [t:/workspace/open/src/hotspot/share/classfile/systemDictionary.cpp, line 232]
Event: 3.650 Thread 0x0000025015881800 Exception <a 'java/io/FileNotFoundException'{0x00000000eab04030}> (0x00000000eab04030) 
thrown [t:/workspace/open/src/hotspot/share/prims/jni.cpp, line 598]
Event: 3.723 Thread 0x0000025015881800 Implicit null exception at 0x00000250258865e8 to 0x000002502588667a
Event: 3.831 Thread 0x0000025015881800 Exception <a 'java/lang/NoSuchMethodError'{0x00000000eaede5f8}: 'int java.lang.invoke.DirectMethodHandle$Holder.invokeStaticInit(java.lang.Object, java.lang.Object, java.lang.Object, java.lang.Object)'> (0x00000000eaede5f8) 
thrown [t:/workspace/open/src/hotspot/share/interpreter/linkResolver.cpp, line 767]
Event: 3.833 Thread 0x0000025015881800 Exception <a 'java/lang/IncompatibleClassChangeError'{0x00000000eaee7d08}: Found class java.lang.Object, but interface was expected> (0x00000000eaee7d08) 
thrown [t:/workspace/open/src/hotspot/share/interpreter/linkResolver.cpp, line 833]
Event: 3.833 Thread 0x0000025015881800 Exception <a 'java/lang/NoSuchMethodError'{0x00000000eaeed7e8}: 'void java.lang.invoke.DirectMethodHandle$Holder.invokeStaticInit(java.lang.Object, java.lang.Object)'> (0x00000000eaeed7e8) 
thrown [t:/workspace/open/src/hotspot/share/interpreter/linkResolver.cpp, line 767]
Event: 3.834 Thread 0x0000025015881800 Exception <a 'java/lang/NoSuchMethodError'{0x00000000eaef57c8}: 'int java.lang.invoke.DirectMethodHandle$Holder.invokeStaticInit(java.lang.Object, java.lang.Object)'> (0x00000000eaef57c8) 
thrown [t:/workspace/open/src/hotspot/share/interpreter/linkResolver.cpp, line 767]
Event: 4.432 Thread 0x0000025015881800 Exception <a 'java/lang/NoSuchMethodError'{0x00000000ebc8e0e0}: 'java.lang.Object java.lang.invoke.DirectMethodHandle$Holder.invokeStatic(java.lang.Object, int, java.lang.Object)'> (0x00000000ebc8e0e0) 
thrown [t:/workspace/open/src/hotspot/share/interpreter/linkResolver.cpp, line 767]
Event: 4.439 Thread 0x0000025015881800 Exception <a 'java/lang/NoSuchMethodError'{0x00000000ebcafa08}: 'java.lang.Object java.lang.invoke.Invokers$Holder.linkToTargetMethod(java.lang.Object, java.lang.Object, java.lang.Object, int, java.lang.Object, java.lang.Object)'> (0x00000000ebcafa08) 
thrown [t:/workspace/open/src/hotspot/share/interpreter/linkResolver.cpp, line 767]
Event: 4.915 Thread 0x0000025015881800 Exception <a 'java/lang/UnsatisfiedLinkError'{0x00000000ec1c18f8}: 'void org.eclipse.equinox.launcher.JNIBridge._update_splash()'> (0x00000000ec1c18f8) 
thrown [t:/workspace/open/src/hotspot/share/prims/nativeLookup.cpp, line 387]
Event: 5.708 Thread 0x0000025032663000 Exception <a 'java/io/FileNotFoundException'{0x00000000eb407180}> (0x00000000eb407180) 
thrown [t:/workspace/open/src/hotspot/share/prims/jni.cpp, line 598]
Event: 6.625 Thread 0x0000025032663000 Exception <a 'java/io/FileNotFoundException'{0x00000000ec1918b0}> (0x00000000ec1918b0) 
thrown [t:/workspace/open/src/hotspot/share/prims/jni.cpp, line 598]
Event: 6.631 Thread 0x0000025032663000 Exception <a 'java/io/FileNotFoundException'{0x00000000ec1b49b0}> (0x00000000ec1b49b0) 
thrown [t:/workspace/open/src/hotspot/share/prims/jni.cpp, line 598]
Event: 7.212 Thread 0x0000025032663000 Exception <a 'java/io/FileNotFoundException'{0x00000000ebb05820}> (0x00000000ebb05820) 
thrown [t:/workspace/open/src/hotspot/share/prims/jni.cpp, line 598]
Event: 7.213 Thread 0x0000025032663000 Exception <a 'java/io/FileNotFoundException'{0x00000000ebb06ea0}> (0x00000000ebb06ea0) 
thrown [t:/workspace/open/src/hotspot/share/prims/jni.cpp, line 598]
Event: 7.213 Thread 0x0000025032663000 Exception <a 'java/io/FileNotFoundException'{0x00000000ebb08528}> (0x00000000ebb08528) 
thrown [t:/workspace/open/src/hotspot/share/prims/jni.cpp, line 598]
Event: 7.400 Thread 0x0000025032663000 Exception <a 'java/lang/NoSuchMethodError'{0x00000000ec2fd538}: 'int java.lang.invoke.DirectMethodHandle$Holder.invokeStaticInit(java.lang.Object, java.lang.Object, java.lang.Object)'> (0x00000000ec2fd538) 
thrown [t:/workspace/open/src/hotspot/share/interpreter/linkResolver.cpp, line 767]
Event: 7.633 Thread 0x0000025032663000 Exception <a 'java/io/FileNotFoundException'{0x00000000eb434260}> (0x00000000eb434260) 
thrown [t:/workspace/open/src/hotspot/share/prims/jni.cpp, line 598]

Events (20 events):
Event: 7.211 loading class org/eclipse/core/runtime/IProgressMonitor done
Event: 7.211 loading class org/eclipse/core/runtime/IProgressMonitor
Event: 7.211 loading class org/eclipse/core/runtime/IProgressMonitor done
Event: 7.293 Executing VM operation: RevokeBias
Event: 7.294 Executing VM operation: RevokeBias done
Event: 7.294 Executing VM operation: RevokeBias
Event: 7.295 Executing VM operation: RevokeBias done
Event: 7.327 Thread 0x0000025030dfe000 Thread exited: 0x0000025030dfe000
Event: 7.374 Executing VM operation: RevokeBias
Event: 7.374 Executing VM operation: RevokeBias done
Event: 7.400 loading class org/eclipse/jdt/internal/compiler/lookup/ReferenceBinding
Event: 7.400 loading class org/eclipse/jdt/internal/compiler/lookup/ReferenceBinding done
Event: 7.401 loading class org/eclipse/jdt/internal/compiler/lookup/ReferenceBinding
Event: 7.401 loading class org/eclipse/jdt/internal/compiler/lookup/ReferenceBinding done
Event: 7.420 Executing VM operation: ParallelGCFailedAllocation
Event: 7.479 Executing VM operation: ParallelGCFailedAllocation done
Event: 7.622 loading class java/nio/channels/ClosedChannelException
Event: 7.622 loading class java/nio/channels/ClosedChannelException done
Event: 7.678 loading class jdk/internal/math/FDBigInteger
Event: 7.678 loading class jdk/internal/math/FDBigInteger done


Dynamic libraries:
0x00007ff64a0c0000 - 0x00007ff64a0cd000 	C:\jdk\openjdk-13_windows-x64_bin\jdk-13\bin\java.exe
0x00007ffba9be0000 - 0x00007ffba9dd0000 	C:\WINDOWS\SYSTEM32\ntdll.dll
0x00007ffba96a0000 - 0x00007ffba9752000 	C:\WINDOWS\System32\KERNEL32.DLL
0x00007ffba71a0000 - 0x00007ffba7445000 	C:\WINDOWS\System32\KERNELBASE.dll
0x00007ffba7000000 - 0x00007ffba70fa000 	C:\WINDOWS\System32\ucrtbase.dll
0x00007ffb9cd00000 - 0x00007ffb9cd18000 	C:\jdk\openjdk-13_windows-x64_bin\jdk-13\bin\jli.dll
0x00007ffb99b30000 - 0x00007ffb99b45000 	C:\jdk\openjdk-13_windows-x64_bin\jdk-13\bin\VCRUNTIME140.dll
0x00007ffba9500000 - 0x00007ffba9694000 	C:\WINDOWS\System32\USER32.dll
0x00007ffba7450000 - 0x00007ffba7471000 	C:\WINDOWS\System32\win32u.dll
0x00007ffba8100000 - 0x00007ffba8126000 	C:\WINDOWS\System32\GDI32.dll
0x00007ffba6b60000 - 0x00007ffba6cf8000 	C:\WINDOWS\System32\gdi32full.dll
0x00007ffb9c5c0000 - 0x00007ffb9c844000 	C:\WINDOWS\WinSxS\amd64_microsoft.windows.common-controls_6595b64144ccf1df_6.0.18362.1316_none_9e7a364fe461dbd7\COMCTL32.dll
0x00007ffba7100000 - 0x00007ffba719e000 	C:\WINDOWS\System32\msvcp_win.dll
0x00007ffba8820000 - 0x00007ffba88be000 	C:\WINDOWS\System32\msvcrt.dll
0x00007ffba7dc0000 - 0x00007ffba80f7000 	C:\WINDOWS\System32\combase.dll
0x00007ffba9a80000 - 0x00007ffba9b9f000 	C:\WINDOWS\System32\RPCRT4.dll
0x00007ffba6d00000 - 0x00007ffba6d81000 	C:\WINDOWS\System32\bcryptPrimitives.dll
0x00007ffba8d50000 - 0x00007ffba8d7e000 	C:\WINDOWS\System32\IMM32.DLL
0x00007ffb83f70000 - 0x00007ffb8400b000 	C:\jdk\openjdk-13_windows-x64_bin\jdk-13\bin\msvcp140.dll
0x00007ffb69730000 - 0x00007ffb6a296000 	C:\jdk\openjdk-13_windows-x64_bin\jdk-13\bin\server\jvm.dll
0x00007ffba8d80000 - 0x00007ffba8e23000 	C:\WINDOWS\System32\ADVAPI32.dll
0x00007ffba8cb0000 - 0x00007ffba8d47000 	C:\WINDOWS\System32\sechost.dll
0x00007ffba8f70000 - 0x00007ffba8f78000 	C:\WINDOWS\System32\PSAPI.DLL
0x00007ffb92530000 - 0x00007ffb92539000 	C:\WINDOWS\SYSTEM32\WSOCK32.dll
0x00007ffba8e30000 - 0x00007ffba8e9f000 	C:\WINDOWS\System32\WS2_32.dll
0x00007ffba1d10000 - 0x00007ffba1d34000 	C:\WINDOWS\SYSTEM32\WINMM.dll
0x00007ffba1010000 - 0x00007ffba101a000 	C:\WINDOWS\SYSTEM32\VERSION.dll
0x00007ffba1cd0000 - 0x00007ffba1cfd000 	C:\WINDOWS\SYSTEM32\WINMMBASE.dll
0x00007ffba6ee0000 - 0x00007ffba6f2a000 	C:\WINDOWS\System32\cfgmgr32.dll
0x00007ffba6b20000 - 0x00007ffba6b31000 	C:\WINDOWS\System32\kernel.appcore.dll
0x00007ffb9abe0000 - 0x00007ffb9abf0000 	C:\jdk\openjdk-13_windows-x64_bin\jdk-13\bin\verify.dll
0x00007ffba5360000 - 0x00007ffba5554000 	C:\WINDOWS\SYSTEM32\DBGHELP.DLL
0x00007ffb9df10000 - 0x00007ffb9df3a000 	C:\WINDOWS\SYSTEM32\dbgcore.DLL
0x00007ffb88a80000 - 0x00007ffb88aa6000 	C:\jdk\openjdk-13_windows-x64_bin\jdk-13\bin\java.dll
0x00007ffb996b0000 - 0x00007ffb996be000 	C:\jdk\openjdk-13_windows-x64_bin\jdk-13\bin\instrument.dll
0x00007ffb99690000 - 0x00007ffb996a7000 	C:\jdk\openjdk-13_windows-x64_bin\jdk-13\bin\zip.dll
0x00007ffb99380000 - 0x00007ffb9938a000 	C:\jdk\openjdk-13_windows-x64_bin\jdk-13\bin\jimage.dll
0x00007ffba8130000 - 0x00007ffba8818000 	C:\WINDOWS\System32\SHELL32.dll
0x00007ffba8b80000 - 0x00007ffba8c27000 	C:\WINDOWS\System32\shcore.dll
0x00007ffba7510000 - 0x00007ffba7c8b000 	C:\WINDOWS\System32\windows.storage.dll
0x00007ffba6aa0000 - 0x00007ffba6ac3000 	C:\WINDOWS\System32\profapi.dll
0x00007ffba6ad0000 - 0x00007ffba6b1a000 	C:\WINDOWS\System32\powrprof.dll
0x00007ffba6a90000 - 0x00007ffba6aa0000 	C:\WINDOWS\System32\UMPDC.dll
0x00007ffba93f0000 - 0x00007ffba9442000 	C:\WINDOWS\System32\shlwapi.dll
0x00007ffba6fe0000 - 0x00007ffba6ff7000 	C:\WINDOWS\System32\cryptsp.dll
0x00007ffb88850000 - 0x00007ffb88869000 	C:\jdk\openjdk-13_windows-x64_bin\jdk-13\bin\net.dll
0x00007ffb9d050000 - 0x00007ffb9d140000 	C:\WINDOWS\SYSTEM32\WINHTTP.dll
0x00007ffb9a950000 - 0x00007ffb9ab26000 	C:\WINDOWS\SYSTEM32\urlmon.dll
0x00007ffb91700000 - 0x00007ffb919a7000 	C:\WINDOWS\SYSTEM32\iertutil.dll
0x00007ffba6400000 - 0x00007ffba640c000 	C:\WINDOWS\SYSTEM32\CRYPTBASE.DLL
0x00007ffba6280000 - 0x00007ffba62e7000 	C:\WINDOWS\system32\mswsock.dll
0x00007ffb99360000 - 0x00007ffb99373000 	C:\jdk\openjdk-13_windows-x64_bin\jdk-13\bin\nio.dll
0x00007ffba5e10000 - 0x00007ffba5e43000 	C:\WINDOWS\system32\rsaenh.dll
0x00007ffba74e0000 - 0x00007ffba7506000 	C:\WINDOWS\System32\bcrypt.dll
0x00007ffba69b0000 - 0x00007ffba69d5000 	C:\WINDOWS\SYSTEM32\USERENV.dll
0x00007ffba5fa0000 - 0x00007ffba5fda000 	C:\WINDOWS\SYSTEM32\IPHLPAPI.DLL
0x00007ffba97e0000 - 0x00007ffba97e8000 	C:\WINDOWS\System32\NSI.dll
0x00007ffb9e3c0000 - 0x00007ffb9e3d6000 	C:\WINDOWS\SYSTEM32\dhcpcsvc6.DLL
0x00007ffb9e380000 - 0x00007ffb9e39c000 	C:\WINDOWS\SYSTEM32\dhcpcsvc.DLL
0x00007ffba5fe0000 - 0x00007ffba60ab000 	C:\WINDOWS\SYSTEM32\DNSAPI.dll
0x00007ffb90090000 - 0x00007ffb900ba000 	C:\Users\multicampus\AppData\Roaming\Code\User\globalStorage\redhat.java\0.73.0\config_win\org.eclipse.equinox.launcher\org.eclipse.equinox.launcher.win32.win32.x86_64_1.2.0.v20200915-1442\eclipse_11100.dll

dbghelp: loaded successfully - version: 4.0.5 - missing functions: none
symbol engine: initialized successfully - sym options: 0x614 - pdb path: .;C:\jdk\openjdk-13_windows-x64_bin\jdk-13\bin;C:\WINDOWS\SYSTEM32;C:\WINDOWS\WinSxS\amd64_microsoft.windows.common-controls_6595b64144ccf1df_6.0.18362.1316_none_9e7a364fe461dbd7;C:\jdk\openjdk-13_windows-x64_bin\jdk-13\bin\server;C:\Users\multicampus\AppData\Roaming\Code\User\globalStorage\redhat.java\0.73.0\config_win\org.eclipse.equinox.launcher\org.eclipse.equinox.launcher.win32.win32.x86_64_1.2.0.v20200915-1442

VM Arguments:
jvm_args: --add-modules=ALL-SYSTEM --add-opens=java.base/java.util=ALL-UNNAMED --add-opens=java.base/java.lang=ALL-UNNAMED -Declipse.application=org.eclipse.jdt.ls.core.id1 -Dosgi.bundles.defaultStartLevel=4 -Declipse.product=org.eclipse.jdt.ls.core.product -Dfile.encoding=utf8 -DwatchParentProcess=false -XX:+UseParallelGC -XX:GCTimeRatio=4 -XX:AdaptiveSizePolicyWeight=90 -Dsun.zip.disableMemoryMapping=true -Xmx1G -Xms100m -javaagent:c:\Users\multicampus\.vscode\extensions\gabrielbb.vscode-lombok-1.0.1\server\lombok.jar 
java_command: c:\Users\multicampus\.vscode\extensions\redhat.java-0.73.0\server\plugins\org.eclipse.equinox.launcher_1.6.0.v20200915-1508.jar -configuration c:\Users\multicampus\AppData\Roaming\Code\User\globalStorage\redhat.java\0.73.0\config_win -data c:\Users\multicampus\AppData\Roaming\Code\User\workspaceStorage\5a7c260612917764e6a434974ee5df3b\redhat.java\jdt_ws
java_class_path (initial): c:\Users\multicampus\.vscode\extensions\redhat.java-0.73.0\server\plugins\org.eclipse.equinox.launcher_1.6.0.v20200915-1508.jar
Launcher Type: SUN_STANDARD

[Global flags]
    uintx AdaptiveSizePolicyWeight                 = 90                                        {product} {command line}
     intx CICompilerCount                          = 4                                         {product} {ergonomic}
    uintx GCTimeRatio                              = 4                                         {product} {command line}
   size_t InitialHeapSize                          = 104857600                                 {product} {command line}
   size_t MaxHeapSize                              = 1073741824                                {product} {command line}
   size_t MaxNewSize                               = 357564416                                 {product} {ergonomic}
   size_t MinHeapDeltaBytes                        = 524288                                    {product} {ergonomic}
   size_t MinHeapSize                              = 104857600                                 {product} {command line}
   size_t NewSize                                  = 34603008                                  {product} {ergonomic}
    uintx NonNMethodCodeHeapSize                   = 5836300                                {pd product} {ergonomic}
    uintx NonProfiledCodeHeapSize                  = 122910970                              {pd product} {ergonomic}
   size_t OldSize                                  = 70254592                                  {product} {ergonomic}
    uintx ProfiledCodeHeapSize                     = 122910970                              {pd product} {ergonomic}
    uintx ReservedCodeCacheSize                    = 251658240                              {pd product} {ergonomic}
     bool SegmentedCodeCache                       = true                                      {product} {ergonomic}
   size_t SoftMaxHeapSize                          = 1073741824                             {manageable} {ergonomic}
     bool UseCompressedClassPointers               = true                                 {lp64_product} {ergonomic}
     bool UseCompressedOops                        = true                                 {lp64_product} {ergonomic}
     bool UseLargePagesIndividualAllocation        = false                                  {pd product} {ergonomic}
     bool UseParallelGC                            = true                                      {product} {command line}

Logging:
Log output configuration:
 #0: stdout all=warning uptime,level,tags
 #1: stderr all=off uptime,level,tags

Environment Variables:
JAVA_HOME=C:\jdk\openjdk-13_windows-x64_bin\jdk-13
PATH=C:\Program Files\Python35\Scripts\;C:\Program Files\Python35\;C:\Program Files (x86)\Intel\Intel(R) Management Engine Components\iCLS\;C:\Program Files\Intel\Intel(R) Management Engine Components\iCLS\;C:\Windows\system32;C:\Windows;C:\Windows\System32\Wbem;C:\Windows\System32\WindowsPowerShell\v1.0\;C:\Windows\System32\OpenSSH\;C:\Program Files (x86)\NVIDIA Corporation\PhysX\Common;C:\Program Files\Intel\WiFi\bin\;C:\Program Files\Common Files\Intel\WirelessCommon\;C:\Program Files (x86)\Intel\Intel(R) Management Engine Components\DAL;C:\Program Files\Intel\Intel(R) Management Engine Components\DAL;C:\Program Files (x86)\Intel\Intel(R) Management Engine Components\IPT;C:\Program Files\Intel\Intel(R) Management Engine Components\IPT;C:\Program Files\Zulu\zulu-8\bin\;C:\Program Files\Microsoft SQL Server\130\Tools\Binn\;C:\WINDOWS\system32;C:\WINDOWS;C:\WINDOWS\System32\Wbem;C:\WINDOWS\System32\WindowsPowerShell\v1.0\;C:\WINDOWS\System32\OpenSSH\;C:\Program Files\nodejs\;C:\Program Files\Git\cmd;C:\Program Files (x86)\Yarn\bin\;C:\maven\apache-maven-3.6.3\bin;;C:\Program Files\Docker\Docker\resources\bin;C:\ProgramData\DockerDesktop\version-bin;C:\Program Files\MySQL\MySQL Shell 8.0\bin\;C:\Users\multicampus\AppData\Local\Microsoft\WindowsApps;C:\Users\multicampus\AppData\Local\Programs\Microsoft VS Code\bin;C:\Users\multicampus\AppData\Roaming\npm;C:\Users\multicampus\AppData\Local\Yarn\bin;
USERNAME=multicampus
OS=Windows_NT
PROCESSOR_IDENTIFIER=Intel64 Family 6 Model 158 Stepping 10, GenuineIntel



---------------  S Y S T E M  ---------------

OS: Windows 10 , 64 bit Build 18362 (10.0.18362.1316)
HyperV virtualization detected

CPU:total 12 (initial active 12) (6 cores per cpu, 2 threads per core) family 6 model 158 stepping 10, cmov, cx8, fxsr, mmx, sse, sse2, sse3, ssse3, sse4.1, sse4.2, popcnt, avx, avx2, aes, clmul, erms, 3dnowpref, lzcnt, ht, tsc, tscinvbit, bmi1, bmi2, adx, fma

Memory: 4k page, system-wide physical 16316M (485M free)
TotalPageFile size 65468M (AvailPageFile size 0M)
current process WorkingSet (physical memory assigned to process): 114M, peak: 114M
current process commit charge ("private bytes"): 238M, peak: 238M

vm_info: OpenJDK 64-Bit Server VM (13+33) for windows-amd64 JRE (13+33), built on Aug  9 2019 11:21:18 by "mach5one" with unknown MS VC++:1916

END.
